{"logTime": "1105/131253", "correlationVector":"O9jYa+AAxOqEotA/Tinlt3.8","action":"CompareDataConsistency result: ", "result":"Compare result: Web Apps is consistent. local entities count is: 0 local entities hash is: "}
{"logTime": "1105/131253", "correlationVector":"O9jYa+AAxOqEotA/Tinlt3.9","action":"CompareDataConsistency result: ", "result":"Compare result: Collection is consistent. local entities count is: 0 local entities hash is: "}
{"logTime": "1105/131253", "correlationVector":"O9jYa+AAxOqEotA/Tinlt3.10","action":"CompareDataConsistency result: ", "result":"Compare result: Edge E Drop is consistent. local entities count is: 0 local entities hash is: "}
{"logTime": "1105/131253", "correlationVector":"O9jYa+AAxOqEotA/Tinlt3.11","action":"CompareDataConsistency result: ", "result":"Compare result: Edge Tab Group is consistent. local entities count is: 0 local entities hash is: "}
{"logTime": "1105/131253", "correlationVector":"O9jYa+AAxOqEotA/Tinlt3.12","action":"CompareDataConsistency result: ", "result":"Compare result: Edge Wallet is consistent. local entities count is: 0 local entities hash is: "}
{"logTime": "1105/131253", "correlationVector":"O9jYa+AAxOqEotA/Tinlt3.13","action":"CompareDataConsistency result: ", "result":"Compare result: Passwords is consistent. local entities count is: 12 local entities hash is: BefG6KybLONnQGqfHhZgxZtXofA="}
{"logTime": "1105/131253", "correlationVector":"","action":"DIAGNOSTIC_REQUEST|v1/diagnosticData/Diagnostic.SendCheckResult()|SUCCESS", "result":""}
{"logTime": "1105/131254", "correlationVector":"b4YOOza2HTQAYoXNv1Fw/D","action":"Commit Request", "result":"", "context":Item count: 6
Contributing types: Preferences, Passwords, Sessions}
{"logTime": "1105/131255", "correlationVector":"b4YOOza2HTQAYoXNv1Fw/D.1","action":"SyncServerConnectionManagerRequest", "result":"SYNC_SERVER_OK", "context":{"environment":"Prod_WestEurope_x00e", "migrationStage":"NotStarted", "server":"GENERAL0100001A"}}
{"logTime": "1105/131255", "correlationVector":"b4YOOza2HTQAYoXNv1Fw/D.2","action":"Commit Response", "result":"Success", "context":Result: Success. cV=b4YOOza2HTQAYoXNv1Fw/D.0;server=GENERAL0100001A;cloudType=Consumer;environment=Prod_WestEurope_x00e;migrationStage=NotStarted}
{"logTime": "1105/131259", "correlationVector":"CXzpxtDQl9ebW0MbbAzj+B","action":"Commit Request", "result":"", "context":Item count: 11
Contributing types: Preferences, Edge Hub App Usage}
{"logTime": "1105/131300", "correlationVector":"CXzpxtDQl9ebW0MbbAzj+B.1","action":"SyncServerConnectionManagerRequest", "result":"SYNC_SERVER_OK", "context":{"environment":"Prod_WestEurope_000l", "migrationStage":"NotStarted", "server":"GENERAL0100001F"}}
{"logTime": "1105/131300", "correlationVector":"CXzpxtDQl9ebW0MbbAzj+B.2","action":"Commit Response", "result":"Success", "context":Result: Success. cV=CXzpxtDQl9ebW0MbbAzj+B.0;server=GENERAL0100001F;cloudType=Consumer;environment=Prod_WestEurope_000l;migrationStage=NotStarted}
{"logTime": "1105/131555", "correlationVector":"VVheDchZ5Mx00hOTd5d69Z","action":"Commit Request", "result":"", "context":Item count: 1
Contributing types: Sessions}
{"logTime": "1105/131555", "correlationVector":"VVheDchZ5Mx00hOTd5d69Z.1","action":"SyncServerConnectionManagerRequest", "result":"SYNC_SERVER_OK", "context":{"environment":"Prod_WestEurope_000l", "migrationStage":"NotStarted", "server":"GENERAL0100001G"}}
{"logTime": "1105/131555", "correlationVector":"VVheDchZ5Mx00hOTd5d69Z.2","action":"Commit Response", "result":"Success", "context":Result: Success. cV=VVheDchZ5Mx00hOTd5d69Z.0;server=GENERAL0100001G;cloudType=Consumer;environment=Prod_WestEurope_000l;migrationStage=NotStarted}
{"logTime": "1105/131802", "correlationVector":"+SbcU2X2bbwFqduQ3o8utR.1","action":"SyncServerConnectionManagerRequest", "result":"SYNC_SERVER_OK", "context":{"environment":"Prod_WestEurope_x00e", "migrationStage":"NotStarted", "server":"GENERAL0200000I"}}
{"logTime": "1105/131803", "correlationVector":"TiGbF5i+tGAxM6YPHX4uu3","action":"SyncServerConnectionManagerRequest", "result":"SYNC_SERVER_OK", "context":{"environment":"", "migrationStage":"", "server":""}}
{"logTime": "1105/131803", "correlationVector":"+SbcU2X2bbwFqduQ3o8utR","action":"Initial GetUpdates", "result":"", "context":Reason: NEW_CLIENT. cV=+SbcU2X2bbwFqduQ3o8utR}
{"logTime": "1105/131803", "correlationVector":"+SbcU2X2bbwFqduQ3o8utR.2","action":"GetUpdates Response", "result":"Success", "context":Received 1 update(s). cV=+SbcU2X2bbwFqduQ3o8utR.0;server=GENERAL0200000I;cloudType=Consumer;environment=Prod_WestEurope_x00e;migrationStage=NotStarted}
{"logTime": "1105/131803", "correlationVector":"5Y+ncQ+ewB6ftyIgSmSO7g","action":"Initial GetUpdates", "result":"", "context":Reason: NEWLY_SUPPORTED_DATATYPE. cV=5Y+ncQ+ewB6ftyIgSmSO7g}
{"logTime": "1105/131803", "correlationVector":"5Y+ncQ+ewB6ftyIgSmSO7g.1","action":"SyncServerConnectionManagerRequest", "result":"SYNC_SERVER_OK", "context":{"environment":"Prod_NorthEurope_000h", "migrationStage":"NotStarted", "server":"GENERAL01000028"}}
{"logTime": "1105/131803", "correlationVector":"5Y+ncQ+ewB6ftyIgSmSO7g.2","action":"GetUpdates Response", "result":"Success", "context":Received 12 update(s). cV=5Y+ncQ+ewB6ftyIgSmSO7g.0;server=GENERAL01000028;cloudType=Consumer;environment=Prod_NorthEurope_000h;migrationStage=NotStarted}
{"logTime": "1105/131803", "correlationVector":"Zt4DbuAYyn2gGpPs3SR28Q","action":"Normal GetUpdate request", "result":"", "context":cV=Zt4DbuAYyn2gGpPs3SR28Q
Nudged types: Sessions
Refresh requested types: Bookmarks, Preferences, Passwords, Autofill Profiles, Autofill, Typed URLs, Extensions, Sessions, Extension settings, History Delete Directives, Device Info, User Consents, Send Tab To Self, Web Apps, Collection, Edge E Drop, Edge Hub App Usage, Edge Tab Group, Edge Wallet, Encryption Keys}
{"logTime": "1105/131803", "correlationVector":"Zt4DbuAYyn2gGpPs3SR28Q.1","action":"SyncServerConnectionManagerRequest", "result":"SYNC_SERVER_OK", "context":{"environment":"Prod_NorthEurope_000h", "migrationStage":"NotStarted", "server":"GENERAL0100000K"}}
{"logTime": "1105/131803", "correlationVector":"Zt4DbuAYyn2gGpPs3SR28Q.2","action":"GetUpdates Response", "result":"Success", "context":Received 13 update(s). cV=Zt4DbuAYyn2gGpPs3SR28Q.0;server=GENERAL0100000K;cloudType=Consumer;environment=Prod_NorthEurope_000h;migrationStage=NotStarted}
{"logTime": "1105/131803", "correlationVector":"JYSwaGT5i3ckOFEj0WPZ5O","action":"Commit Request", "result":"", "context":Item count: 3
Contributing types: Sessions}
{"logTime": "1105/131803", "correlationVector":"JYSwaGT5i3ckOFEj0WPZ5O.1","action":"SyncServerConnectionManagerRequest", "result":"SYNC_SERVER_OK", "context":{"environment":"Prod_WestEurope_x00e", "migrationStage":"NotStarted", "server":"GENERAL0100000R"}}
{"logTime": "1105/131803", "correlationVector":"JYSwaGT5i3ckOFEj0WPZ5O.3","action":"Commit.Sessions", "result":"Success", "context":{"id":"51b3ade6-1238-4543-9b5d-20aa66de7820", "isDeleted":"true", "size":"0", "version":"1730812555497"}}
{"logTime": "1105/131803", "correlationVector":"JYSwaGT5i3ckOFEj0WPZ5O.2","action":"Commit Response", "result":"Success", "context":Result: Success. cV=JYSwaGT5i3ckOFEj0WPZ5O.0;server=GENERAL0100000R;cloudType=Consumer;environment=Prod_WestEurope_x00e;migrationStage=NotStarted}
{"logTime": "1105/131805", "correlationVector":"S8iZy7tXryIXJyfbBFwmXX","action":"Normal GetUpdate request", "result":"", "context":cV=S8iZy7tXryIXJyfbBFwmXX
Nudged types: Preferences, Passwords, Sessions}
{"logTime": "1105/131805", "correlationVector":"S8iZy7tXryIXJyfbBFwmXX.1","action":"SyncServerConnectionManagerRequest", "result":"SYNC_SERVER_OK", "context":{"environment":"Prod_NorthEurope_000h", "migrationStage":"NotStarted", "server":"GENERAL01000012"}}
{"logTime": "1105/131805", "correlationVector":"S8iZy7tXryIXJyfbBFwmXX.2","action":"GetUpdates", "result":"DeleteReceived", "context":{"id":"51b3ade6-1238-4543-9b5d-20aa66de7820", "isDeleted:":"true", "version":"1730812683842"}}
{"logTime": "1105/131805", "correlationVector":"S8iZy7tXryIXJyfbBFwmXX.3","action":"GetUpdates Response", "result":"Success", "context":Received 3 update(s). cV=S8iZy7tXryIXJyfbBFwmXX.0;server=GENERAL01000012;cloudType=Consumer;environment=Prod_NorthEurope_000h;migrationStage=NotStarted}
{"logTime": "1105/131805", "correlationVector":"KQoSn5JqamhwPZvW+58dRr","action":"Commit Request", "result":"", "context":Item count: 4
Contributing types: Preferences, Passwords}
{"logTime": "1105/131806", "correlationVector":"KQoSn5JqamhwPZvW+58dRr.1","action":"SyncServerConnectionManagerRequest", "result":"SYNC_SERVER_OK", "context":{"environment":"Prod_NorthEurope_000h", "migrationStage":"NotStarted", "server":"GENERAL0100001T"}}
{"logTime": "1105/131806", "correlationVector":"KQoSn5JqamhwPZvW+58dRr.2","action":"Commit Response", "result":"Success", "context":Result: Success. cV=KQoSn5JqamhwPZvW+58dRr.0;server=GENERAL0100001T;cloudType=Consumer;environment=Prod_NorthEurope_000h;migrationStage=NotStarted}
{"logTime": "1105/131836", "correlationVector":"WiKBcdT/WJqfcB6ySFireH","action":"Commit Request", "result":"", "context":Item count: 1
Contributing types: Sessions}
{"logTime": "1105/131836", "correlationVector":"WiKBcdT/WJqfcB6ySFireH.1","action":"SyncServerConnectionManagerRequest", "result":"SYNC_SERVER_OK", "context":{"environment":"Prod_NorthEurope_000h", "migrationStage":"NotStarted", "server":"GENERAL0100002Q"}}
{"logTime": "1105/131836", "correlationVector":"WiKBcdT/WJqfcB6ySFireH.2","action":"Commit Response", "result":"Success", "context":Result: Success. cV=WiKBcdT/WJqfcB6ySFireH.0;server=GENERAL0100002Q;cloudType=Consumer;environment=Prod_NorthEurope_000h;migrationStage=NotStarted}
{"logTime": "1105/132026", "correlationVector":"cogfLvCsCiJg15zy0Auowu","action":"Commit Request", "result":"", "context":Item count: 1
Contributing types: Sessions}
{"logTime": "1105/132027", "correlationVector":"cogfLvCsCiJg15zy0Auowu.1","action":"SyncServerConnectionManagerRequest", "result":"SYNC_SERVER_OK", "context":{"environment":"Prod_CentralUS_000t", "migrationStage":"NotStarted", "server":"GENERAL12000006"}}
{"logTime": "1105/132027", "correlationVector":"cogfLvCsCiJg15zy0Auowu.2","action":"Commit Response", "result":"Success", "context":Result: Success. cV=cogfLvCsCiJg15zy0Auowu.0;server=GENERAL12000006;cloudType=Consumer;environment=Prod_CentralUS_000t;migrationStage=NotStarted}
{"logTime": "1105/132301", "correlationVector":"6IRvoouKV1W+BnYOwnC8Kd","action":"Normal GetUpdate request", "result":"", "context":cV=6IRvoouKV1W+BnYOwnC8Kd
Refresh requested types: Bookmarks, Preferences, Passwords, Autofill Profiles, Autofill, Typed URLs, Extensions, Sessions, Extension settings, History Delete Directives, Device Info, User Consents, Send Tab To Self, Web Apps, Collection, Edge E Drop, Edge Hub App Usage, Edge Tab Group, Edge Wallet, Encryption Keys}
{"logTime": "1105/132302", "correlationVector":"6IRvoouKV1W+BnYOwnC8Kd.1","action":"SyncServerConnectionManagerRequest", "result":"SYNC_SERVER_OK", "context":{"environment":"Prod_WestEurope_000l", "migrationStage":"NotStarted", "server":"GENERAL01000013"}}
{"logTime": "1105/132302", "correlationVector":"6IRvoouKV1W+BnYOwnC8Kd.2","action":"GetUpdates Response", "result":"Success", "context":Received 5 update(s). cV=6IRvoouKV1W+BnYOwnC8Kd.0;server=GENERAL01000013;cloudType=Consumer;environment=Prod_WestEurope_000l;migrationStage=NotStarted}
{"logTime": "1105/132302", "correlationVector":"mciYZ7fryUWhB2BUKTH1b3","action":"DoCompareDataConsistency requsted types: ", "result":"Bookmarks, Preferences, Passwords, Typed URLs, Extensions, Extension settings, History Delete Directives, Send Tab To Self, Web Apps, Collection, Edge E Drop, Edge Tab Group, Edge Wallet, Encryption Keys"}
{"logTime": "1105/132302", "correlationVector":"mciYZ7fryUWhB2BUKTH1b3.0","action":"CompareDataConsistency result: ", "result":"Compare result: Encryption Keys is consistent. local entities count is: 1 local entities hash is: XVQ5J0hu9GyW1VcNCSkOXzh41M0="}
{"logTime": "1105/132302", "correlationVector":"mciYZ7fryUWhB2BUKTH1b3.1","action":"CompareDataConsistency result: ", "result":"Compare result: Bookmarks is consistent. local entities count is: 11 local entities hash is: wEoc17ovaUwplkBHBtHFyFH0ByE="}
{"logTime": "1105/132302", "correlationVector":"mciYZ7fryUWhB2BUKTH1b3.2","action":"CompareDataConsistency result: ", "result":"Compare result: Preferences is consistent. local entities count is: 52 local entities hash is: xlVgWgYc0Vpkz2Z719lSOb23zWs="}
{"logTime": "1105/132302", "correlationVector":"mciYZ7fryUWhB2BUKTH1b3.3","action":"CompareDataConsistency result: ", "result":"Server did not send this Typed URLs local entities count is: 8 local entities hash is: ce7KQz4RicEsDeHBoVZ9WeXmbhs="}
{"logTime": "1105/132302", "correlationVector":"mciYZ7fryUWhB2BUKTH1b3.4","action":"CompareDataConsistency result: ", "result":"Compare result: Extensions is consistent. local entities count is: 0 local entities hash is: "}
{"logTime": "1105/132302", "correlationVector":"mciYZ7fryUWhB2BUKTH1b3.5","action":"CompareDataConsistency result: ", "result":"Compare result: Extension settings is consistent. local entities count is: 0 local entities hash is: "}
{"logTime": "1105/132302", "correlationVector":"mciYZ7fryUWhB2BUKTH1b3.6","action":"CompareDataConsistency result: ", "result":"Compare result: History Delete Directives is consistent. local entities count is: 0 local entities hash is: "}
{"logTime": "1105/132302", "correlationVector":"mciYZ7fryUWhB2BUKTH1b3.7","action":"CompareDataConsistency result: ", "result":"Server did not send this Send Tab To Self local entities count is: 0 local entities hash is: "}
{"logTime": "1105/132302", "correlationVector":"mciYZ7fryUWhB2BUKTH1b3.8","action":"CompareDataConsistency result: ", "result":"Compare result: Web Apps is consistent. local entities count is: 0 local entities hash is: "}
{"logTime": "1105/132302", "correlationVector":"mciYZ7fryUWhB2BUKTH1b3.9","action":"CompareDataConsistency result: ", "result":"Compare result: Collection is consistent. local entities count is: 0 local entities hash is: "}
{"logTime": "1105/132302", "correlationVector":"mciYZ7fryUWhB2BUKTH1b3.10","action":"CompareDataConsistency result: ", "result":"Compare result: Edge E Drop is consistent. local entities count is: 0 local entities hash is: "}
{"logTime": "1105/132302", "correlationVector":"mciYZ7fryUWhB2BUKTH1b3.11","action":"CompareDataConsistency result: ", "result":"Compare result: Edge Tab Group is consistent. local entities count is: 0 local entities hash is: "}
{"logTime": "1105/132302", "correlationVector":"mciYZ7fryUWhB2BUKTH1b3.12","action":"CompareDataConsistency result: ", "result":"Compare result: Edge Wallet is consistent. local entities count is: 0 local entities hash is: "}
{"logTime": "1105/132302", "correlationVector":"mciYZ7fryUWhB2BUKTH1b3.13","action":"CompareDataConsistency result: ", "result":"Compare result: Passwords is consistent. local entities count is: 12 local entities hash is: BT8iOKkExFS1eTq7Xf4v0zG4htM="}
{"logTime": "1105/132302", "correlationVector":"","action":"DIAGNOSTIC_REQUEST|v1/diagnosticData/Diagnostic.SendCheckResult()|SUCCESS", "result":""}
{"logTime": "1105/132756", "correlationVector":"XqvvxpCuJMczFLZcYrumZC.1","action":"SyncServerConnectionManagerRequest", "result":"SYNC_SERVER_OK", "context":{"environment":"Prod_NorthEurope_000h", "migrationStage":"NotStarted", "server":"GENERAL01000017"}}
{"logTime": "1105/132756", "correlationVector":"sHVzlgmQf/yOpIagbU4N4S","action":"SyncServerConnectionManagerRequest", "result":"SYNC_SERVER_OK", "context":{"environment":"", "migrationStage":"", "server":""}}
{"logTime": "1105/132756", "correlationVector":"XqvvxpCuJMczFLZcYrumZC","action":"Initial GetUpdates", "result":"", "context":Reason: NEW_CLIENT. cV=XqvvxpCuJMczFLZcYrumZC}
{"logTime": "1105/132756", "correlationVector":"XqvvxpCuJMczFLZcYrumZC.2","action":"GetUpdates Response", "result":"Success", "context":Received 1 update(s). cV=XqvvxpCuJMczFLZcYrumZC.0;server=GENERAL01000017;cloudType=Consumer;environment=Prod_NorthEurope_000h;migrationStage=NotStarted}
{"logTime": "1105/132756", "correlationVector":"X6Z0TOh/ePh7WTodjX1epK","action":"Initial GetUpdates", "result":"", "context":Reason: NEWLY_SUPPORTED_DATATYPE. cV=X6Z0TOh/ePh7WTodjX1epK}
{"logTime": "1105/132757", "correlationVector":"X6Z0TOh/ePh7WTodjX1epK.1","action":"SyncServerConnectionManagerRequest", "result":"SYNC_SERVER_OK", "context":{"environment":"Prod_WestEurope_000l", "migrationStage":"NotStarted", "server":"GENERAL01000005"}}
{"logTime": "1105/132757", "correlationVector":"X6Z0TOh/ePh7WTodjX1epK.2","action":"GetUpdates Response", "result":"Success", "context":Received 12 update(s). cV=X6Z0TOh/ePh7WTodjX1epK.0;server=GENERAL01000005;cloudType=Consumer;environment=Prod_WestEurope_000l;migrationStage=NotStarted}
{"logTime": "1105/132757", "correlationVector":"R9hv9f5gK8oY1f0KC7I1+w","action":"Normal GetUpdate request", "result":"", "context":cV=R9hv9f5gK8oY1f0KC7I1+w
Nudged types: Sessions
Refresh requested types: Bookmarks, Preferences, Passwords, Autofill Profiles, Autofill, Typed URLs, Extensions, Sessions, Extension settings, History Delete Directives, Device Info, User Consents, Send Tab To Self, Web Apps, Collection, Edge E Drop, Edge Hub App Usage, Edge Tab Group, Edge Wallet, Encryption Keys}
{"logTime": "1105/132757", "correlationVector":"R9hv9f5gK8oY1f0KC7I1+w.1","action":"SyncServerConnectionManagerRequest", "result":"SYNC_SERVER_OK", "context":{"environment":"Prod_NorthEurope_000h", "migrationStage":"NotStarted", "server":"GENERAL0100000F"}}
{"logTime": "1105/132757", "correlationVector":"R9hv9f5gK8oY1f0KC7I1+w.2","action":"GetUpdates Response", "result":"Success", "context":Received 0 update(s). cV=R9hv9f5gK8oY1f0KC7I1+w.0;server=GENERAL0100000F;cloudType=Consumer;environment=Prod_NorthEurope_000h;migrationStage=NotStarted}
{"logTime": "1105/132757", "correlationVector":"S05hTQykMOczGTaSMkION7","action":"Commit Request", "result":"", "context":Item count: 3
Contributing types: Sessions}
{"logTime": "1105/132757", "correlationVector":"S05hTQykMOczGTaSMkION7.1","action":"SyncServerConnectionManagerRequest", "result":"SYNC_SERVER_OK", "context":{"environment":"Prod_NorthEurope_000h", "migrationStage":"NotStarted", "server":"GENERAL0100001V"}}
{"logTime": "1105/132757", "correlationVector":"S05hTQykMOczGTaSMkION7.3","action":"Commit.Sessions", "result":"Success", "context":{"id":"3278e238-077a-4907-b103-3a487f4100c6", "isDeleted":"true", "size":"0", "version":"1730812826981"}}
{"logTime": "1105/132757", "correlationVector":"S05hTQykMOczGTaSMkION7.2","action":"Commit Response", "result":"Success", "context":Result: Success. cV=S05hTQykMOczGTaSMkION7.0;server=GENERAL0100001V;cloudType=Consumer;environment=Prod_NorthEurope_000h;migrationStage=NotStarted}
{"logTime": "1105/133231", "correlationVector":"gWnBs+zNp0LKJYM8pVJjn6.1","action":"SyncServerConnectionManagerRequest", "result":"SYNC_SERVER_OK", "context":{"environment":"Prod_NorthEurope_000h", "migrationStage":"NotStarted", "server":"GENERAL0100001M"}}
{"logTime": "1105/133231", "correlationVector":"RVufpjOkudEE5hzEBOS+2B","action":"SyncServerConnectionManagerRequest", "result":"SYNC_SERVER_OK", "context":{"environment":"", "migrationStage":"", "server":""}}
{"logTime": "1105/133231", "correlationVector":"gWnBs+zNp0LKJYM8pVJjn6","action":"Initial GetUpdates", "result":"", "context":Reason: NEW_CLIENT. cV=gWnBs+zNp0LKJYM8pVJjn6}
{"logTime": "1105/133231", "correlationVector":"gWnBs+zNp0LKJYM8pVJjn6.2","action":"GetUpdates Response", "result":"Success", "context":Received 1 update(s). cV=gWnBs+zNp0LKJYM8pVJjn6.0;server=GENERAL0100001M;cloudType=Consumer;environment=Prod_NorthEurope_000h;migrationStage=NotStarted}
{"logTime": "1105/133231", "correlationVector":"E0IsLnf7I4uXKPMmr0j8nw","action":"Initial GetUpdates", "result":"", "context":Reason: NEWLY_SUPPORTED_DATATYPE. cV=E0IsLnf7I4uXKPMmr0j8nw}
{"logTime": "1105/133231", "correlationVector":"E0IsLnf7I4uXKPMmr0j8nw.1","action":"SyncServerConnectionManagerRequest", "result":"SYNC_SERVER_OK", "context":{"environment":"Prod_WestEurope_000l", "migrationStage":"NotStarted", "server":"GENERAL0100001J"}}
{"logTime": "1105/133231", "correlationVector":"E0IsLnf7I4uXKPMmr0j8nw.2","action":"GetUpdates Response", "result":"Success", "context":Received 12 update(s). cV=E0IsLnf7I4uXKPMmr0j8nw.0;server=GENERAL0100001J;cloudType=Consumer;environment=Prod_WestEurope_000l;migrationStage=NotStarted}
{"logTime": "1105/133231", "correlationVector":"vv1J2KJzG7Oso9sfBsmXQm","action":"Normal GetUpdate request", "result":"", "context":cV=vv1J2KJzG7Oso9sfBsmXQm
Nudged types: Sessions
Refresh requested types: Bookmarks, Preferences, Passwords, Autofill Profiles, Autofill, Typed URLs, Extensions, Sessions, Extension settings, History Delete Directives, Device Info, User Consents, Send Tab To Self, Web Apps, Collection, Edge E Drop, Edge Hub App Usage, Edge Tab Group, Edge Wallet, Encryption Keys}
{"logTime": "1105/133232", "correlationVector":"vv1J2KJzG7Oso9sfBsmXQm.1","action":"SyncServerConnectionManagerRequest", "result":"SYNC_SERVER_OK", "context":{"environment":"Prod_WestEurope_000l", "migrationStage":"NotStarted", "server":"GENERAL01000008"}}
{"logTime": "1105/133232", "correlationVector":"vv1J2KJzG7Oso9sfBsmXQm.2","action":"GetUpdates", "result":"DeleteReceived", "context":{"id":"3278e238-077a-4907-b103-3a487f4100c6", "isDeleted:":"true", "version":"1730813277545"}}
{"logTime": "1105/133232", "correlationVector":"vv1J2KJzG7Oso9sfBsmXQm.3","action":"GetUpdates Response", "result":"Success", "context":Received 4 update(s). cV=vv1J2KJzG7Oso9sfBsmXQm.0;server=GENERAL01000008;cloudType=Consumer;environment=Prod_WestEurope_000l;migrationStage=NotStarted}
{"logTime": "1105/133305", "correlationVector":"VK870yr1b+r0EMv7GEwhK0","action":"Normal GetUpdate request", "result":"", "context":cV=VK870yr1b+r0EMv7GEwhK0
Nudged types: Sessions}
{"logTime": "1105/133305", "correlationVector":"VK870yr1b+r0EMv7GEwhK0.1","action":"SyncServerConnectionManagerRequest", "result":"SYNC_SERVER_OK", "context":{"environment":"Prod_WestEurope_x00e", "migrationStage":"NotStarted", "server":"GENERAL0100002A"}}
{"logTime": "1105/133305", "correlationVector":"VK870yr1b+r0EMv7GEwhK0.2","action":"GetUpdates Response", "result":"Success", "context":Received 0 update(s). cV=VK870yr1b+r0EMv7GEwhK0.0;server=GENERAL0100002A;cloudType=Consumer;environment=Prod_WestEurope_x00e;migrationStage=NotStarted}
{"logTime": "1105/133305", "correlationVector":"bSO5g+29Qfuydiaogr7IAJ","action":"Commit Request", "result":"", "context":Item count: 3
Contributing types: Sessions}
{"logTime": "1105/133305", "correlationVector":"bSO5g+29Qfuydiaogr7IAJ.1","action":"SyncServerConnectionManagerRequest", "result":"SYNC_SERVER_OK", "context":{"environment":"Prod_WestEurope_000l", "migrationStage":"NotStarted", "server":"GENERAL0100000C"}}
{"logTime": "1105/133305", "correlationVector":"bSO5g+29Qfuydiaogr7IAJ.3","action":"Commit.Sessions", "result":"Success", "context":{"id":"ac552d7c-8c1b-46b9-bfba-55405504140a", "isDeleted":"true", "size":"0", "version":"1730813489859"}}
{"logTime": "1105/133305", "correlationVector":"bSO5g+29Qfuydiaogr7IAJ.2","action":"Commit Response", "result":"Success", "context":Result: Success. cV=bSO5g+29Qfuydiaogr7IAJ.0;server=GENERAL0100000C;cloudType=Consumer;environment=Prod_WestEurope_000l;migrationStage=NotStarted}
{"logTime": "1105/133622", "correlationVector":"KL7iSK62iMI9xXyo8BhBwL.1","action":"SyncServerConnectionManagerRequest", "result":"SYNC_SERVER_OK", "context":{"environment":"Prod_WestEurope_000l", "migrationStage":"NotStarted", "server":"GENERAL01000001"}}
{"logTime": "1105/133622", "correlationVector":"hLzchtQtp/8ehP1chv17oY","action":"SyncServerConnectionManagerRequest", "result":"SYNC_SERVER_OK", "context":{"environment":"", "migrationStage":"", "server":""}}
{"logTime": "1105/133622", "correlationVector":"KL7iSK62iMI9xXyo8BhBwL","action":"Initial GetUpdates", "result":"", "context":Reason: NEW_CLIENT. cV=KL7iSK62iMI9xXyo8BhBwL}
{"logTime": "1105/133622", "correlationVector":"KL7iSK62iMI9xXyo8BhBwL.2","action":"GetUpdates Response", "result":"Success", "context":Received 1 update(s). cV=KL7iSK62iMI9xXyo8BhBwL.0;server=GENERAL01000001;cloudType=Consumer;environment=Prod_WestEurope_000l;migrationStage=NotStarted}
{"logTime": "1105/133622", "correlationVector":"brWVkLiamIOlDrbiNOq6k2","action":"Initial GetUpdates", "result":"", "context":Reason: NEWLY_SUPPORTED_DATATYPE. cV=brWVkLiamIOlDrbiNOq6k2}
{"logTime": "1105/133622", "correlationVector":"brWVkLiamIOlDrbiNOq6k2.1","action":"SyncServerConnectionManagerRequest", "result":"SYNC_SERVER_OK", "context":{"environment":"Prod_WestEurope_000l", "migrationStage":"NotStarted", "server":"GENERAL0100001F"}}
{"logTime": "1105/133622", "correlationVector":"brWVkLiamIOlDrbiNOq6k2.2","action":"GetUpdates Response", "result":"Success", "context":Received 12 update(s). cV=brWVkLiamIOlDrbiNOq6k2.0;server=GENERAL0100001F;cloudType=Consumer;environment=Prod_WestEurope_000l;migrationStage=NotStarted}
{"logTime": "1105/133622", "correlationVector":"hoywBV55rPPrvPQx3Yyghy","action":"Normal GetUpdate request", "result":"", "context":cV=hoywBV55rPPrvPQx3Yyghy
Nudged types: Sessions
Refresh requested types: Bookmarks, Preferences, Passwords, Autofill Profiles, Autofill, Typed URLs, Extensions, Sessions, Extension settings, History Delete Directives, Device Info, User Consents, Send Tab To Self, Web Apps, Collection, Edge E Drop, Edge Hub App Usage, Edge Tab Group, Edge Wallet, Encryption Keys}
{"logTime": "1105/133623", "correlationVector":"hoywBV55rPPrvPQx3Yyghy.1","action":"SyncServerConnectionManagerRequest", "result":"SYNC_SERVER_OK", "context":{"environment":"Prod_WestEurope_000l", "migrationStage":"NotStarted", "server":"GENERAL01000013"}}
{"logTime": "1105/133623", "correlationVector":"hoywBV55rPPrvPQx3Yyghy.2","action":"GetUpdates", "result":"DeleteReceived", "context":{"id":"ac552d7c-8c1b-46b9-bfba-55405504140a", "isDeleted:":"true", "version":"1730813585652"}}
{"logTime": "1105/133623", "correlationVector":"hoywBV55rPPrvPQx3Yyghy.3","action":"GetUpdates Response", "result":"Success", "context":Received 3 update(s). cV=hoywBV55rPPrvPQx3Yyghy.0;server=GENERAL01000013;cloudType=Consumer;environment=Prod_WestEurope_000l;migrationStage=NotStarted}
{"logTime": "1105/133623", "correlationVector":"NwXdg0D7u8bpmsC1Gw/P9R","action":"Commit Request", "result":"", "context":Item count: 3
Contributing types: Sessions}
{"logTime": "1105/133623", "correlationVector":"NwXdg0D7u8bpmsC1Gw/P9R.1","action":"SyncServerConnectionManagerRequest", "result":"SYNC_SERVER_OK", "context":{"environment":"Prod_WestEurope_000l", "migrationStage":"NotStarted", "server":"GENERAL0100000T"}}
{"logTime": "1105/133623", "correlationVector":"NwXdg0D7u8bpmsC1Gw/P9R.3","action":"Commit.Sessions", "result":"Success", "context":{"id":"e7205e3f-5208-4665-ac8a-84bf7e336294", "isDeleted":"true", "size":"0", "version":"1730813585654"}}
{"logTime": "1105/133623", "correlationVector":"NwXdg0D7u8bpmsC1Gw/P9R.2","action":"Commit Response", "result":"Success", "context":Result: Success. cV=NwXdg0D7u8bpmsC1Gw/P9R.0;server=GENERAL0100000T;cloudType=Consumer;environment=Prod_WestEurope_000l;migrationStage=NotStarted}
{"logTime": "1105/133653", "correlationVector":"s6VkBe49MYCCBYMFF+qp4Q","action":"Normal GetUpdate request", "result":"", "context":cV=s6VkBe49MYCCBYMFF+qp4Q
Nudged types: Sessions}
{"logTime": "1105/133653", "correlationVector":"s6VkBe49MYCCBYMFF+qp4Q.1","action":"SyncServerConnectionManagerRequest", "result":"SYNC_SERVER_OK", "context":{"environment":"Prod_WestEurope_000l", "migrationStage":"NotStarted", "server":"GENERAL01000001"}}
{"logTime": "1105/133653", "correlationVector":"s6VkBe49MYCCBYMFF+qp4Q.2","action":"GetUpdates", "result":"DeleteReceived", "context":{"id":"e7205e3f-5208-4665-ac8a-84bf7e336294", "isDeleted:":"true", "version":"1730813783257"}}
{"logTime": "1105/133653", "correlationVector":"s6VkBe49MYCCBYMFF+qp4Q.3","action":"GetUpdates Response", "result":"Success", "context":Received 3 update(s). cV=s6VkBe49MYCCBYMFF+qp4Q.0;server=GENERAL01000001;cloudType=Consumer;environment=Prod_WestEurope_000l;migrationStage=NotStarted}
{"logTime": "1105/133653", "correlationVector":"80Ewo3q031VpYQil9J0sKA","action":"Commit Request", "result":"", "context":Item count: 1
Contributing types: Sessions}
{"logTime": "1105/133653", "correlationVector":"80Ewo3q031VpYQil9J0sKA.1","action":"SyncServerConnectionManagerRequest", "result":"SYNC_SERVER_OK", "context":{"environment":"Prod_WestEurope_000l", "migrationStage":"NotStarted", "server":"GENERAL0100000R"}}
{"logTime": "1105/133653", "correlationVector":"80Ewo3q031VpYQil9J0sKA.2","action":"Commit Response", "result":"Success", "context":Result: Success. cV=80Ewo3q031VpYQil9J0sKA.0;server=GENERAL0100000R;cloudType=Consumer;environment=Prod_WestEurope_000l;migrationStage=NotStarted}
{"logTime": "1105/133723", "correlationVector":"n8mKsdKlb6SPe6CicWAV7u","action":"Commit Request", "result":"", "context":Item count: 1
Contributing types: Sessions}
{"logTime": "1105/133724", "correlationVector":"n8mKsdKlb6SPe6CicWAV7u.1","action":"SyncServerConnectionManagerRequest", "result":"SYNC_SERVER_OK", "context":{"environment":"Prod_CentralUS_000t", "migrationStage":"NotStarted", "server":"GENERAL1200000C"}}
{"logTime": "1105/133724", "correlationVector":"n8mKsdKlb6SPe6CicWAV7u.2","action":"Commit Response", "result":"Success", "context":Result: Success. cV=n8mKsdKlb6SPe6CicWAV7u.0;server=GENERAL1200000C;cloudType=Consumer;environment=Prod_CentralUS_000t;migrationStage=NotStarted}
{"logTime": "1105/134001", "correlationVector":"yy4D1IspJZjyaB7YaPKC6m.1","action":"SyncServerConnectionManagerRequest", "result":"SYNC_SERVER_OK", "context":{"environment":"Prod_WestEurope_000l", "migrationStage":"NotStarted", "server":"GENERAL0100001H"}}
{"logTime": "1105/134002", "correlationVector":"fooGlr4yhybjIJNNG6OKiI","action":"SyncServerConnectionManagerRequest", "result":"SYNC_SERVER_OK", "context":{"environment":"", "migrationStage":"", "server":""}}
{"logTime": "1105/134002", "correlationVector":"yy4D1IspJZjyaB7YaPKC6m","action":"Initial GetUpdates", "result":"", "context":Reason: NEW_CLIENT. cV=yy4D1IspJZjyaB7YaPKC6m}
{"logTime": "1105/134002", "correlationVector":"yy4D1IspJZjyaB7YaPKC6m.2","action":"GetUpdates Response", "result":"Success", "context":Received 1 update(s). cV=yy4D1IspJZjyaB7YaPKC6m.0;server=GENERAL0100001H;cloudType=Consumer;environment=Prod_WestEurope_000l;migrationStage=NotStarted}
{"logTime": "1105/134002", "correlationVector":"uFmG/0jgSGDw+XWE6teT1+","action":"Initial GetUpdates", "result":"", "context":Reason: NEWLY_SUPPORTED_DATATYPE. cV=uFmG/0jgSGDw+XWE6teT1+}
{"logTime": "1105/134002", "correlationVector":"uFmG/0jgSGDw+XWE6teT1+.1","action":"SyncServerConnectionManagerRequest", "result":"SYNC_SERVER_OK", "context":{"environment":"Prod_WestEurope_000l", "migrationStage":"NotStarted", "server":"GENERAL0100000I"}}
{"logTime": "1105/134002", "correlationVector":"uFmG/0jgSGDw+XWE6teT1+.2","action":"GetUpdates Response", "result":"Success", "context":Received 12 update(s). cV=uFmG/0jgSGDw+XWE6teT1+.0;server=GENERAL0100000I;cloudType=Consumer;environment=Prod_WestEurope_000l;migrationStage=NotStarted}
{"logTime": "1105/134002", "correlationVector":"88F3Rt/0V2iG9At2U2D5n/","action":"Normal GetUpdate request", "result":"", "context":cV=88F3Rt/0V2iG9At2U2D5n/
Nudged types: Sessions
Refresh requested types: Bookmarks, Preferences, Passwords, Autofill Profiles, Autofill, Typed URLs, Extensions, Sessions, Extension settings, History Delete Directives, Device Info, User Consents, Send Tab To Self, Web Apps, Collection, Edge E Drop, Edge Hub App Usage, Edge Tab Group, Edge Wallet, Encryption Keys}
{"logTime": "1105/134003", "correlationVector":"88F3Rt/0V2iG9At2U2D5n/.1","action":"SyncServerConnectionManagerRequest", "result":"SYNC_SERVER_OK", "context":{"environment":"Prod_WestEurope_000l", "migrationStage":"NotStarted", "server":"GENERAL01000011"}}
{"logTime": "1105/134003", "correlationVector":"88F3Rt/0V2iG9At2U2D5n/.2","action":"GetUpdates Response", "result":"Success", "context":Received 1 update(s). cV=88F3Rt/0V2iG9At2U2D5n/.0;server=GENERAL01000011;cloudType=Consumer;environment=Prod_WestEurope_000l;migrationStage=NotStarted}
{"logTime": "1105/134003", "correlationVector":"9I7WoXAlERBHcb2UMYBQaB","action":"Commit Request", "result":"", "context":Item count: 3
Contributing types: Sessions}
{"logTime": "1105/134003", "correlationVector":"9I7WoXAlERBHcb2UMYBQaB.1","action":"SyncServerConnectionManagerRequest", "result":"SYNC_SERVER_OK", "context":{"environment":"Prod_WestEurope_000l", "migrationStage":"NotStarted", "server":"GENERAL01000007"}}
{"logTime": "1105/134003", "correlationVector":"9I7WoXAlERBHcb2UMYBQaB.3","action":"Commit.Sessions", "result":"Success", "context":{"id":"eab11718-1040-409e-8831-004b12f2e9fe", "isDeleted":"true", "size":"0", "version":"1730813844149"}}
{"logTime": "1105/134003", "correlationVector":"9I7WoXAlERBHcb2UMYBQaB.2","action":"Commit Response", "result":"Success", "context":Result: Success. cV=9I7WoXAlERBHcb2UMYBQaB.0;server=GENERAL01000007;cloudType=Consumer;environment=Prod_WestEurope_000l;migrationStage=NotStarted}
{"logTime": "1105/134033", "correlationVector":"JKFzLfN6QdWpQIrYqXZqjo","action":"Normal GetUpdate request", "result":"", "context":cV=JKFzLfN6QdWpQIrYqXZqjo
Nudged types: Sessions}
{"logTime": "1105/134033", "correlationVector":"JKFzLfN6QdWpQIrYqXZqjo.1","action":"SyncServerConnectionManagerRequest", "result":"SYNC_SERVER_OK", "context":{"environment":"Prod_WestEurope_x00e", "migrationStage":"NotStarted", "server":"GENERAL0200002D"}}
{"logTime": "1105/134033", "correlationVector":"JKFzLfN6QdWpQIrYqXZqjo.2","action":"GetUpdates", "result":"DeleteReceived", "context":{"id":"eab11718-1040-409e-8831-004b12f2e9fe", "isDeleted:":"true", "version":"1730814003211"}}
{"logTime": "1105/134033", "correlationVector":"JKFzLfN6QdWpQIrYqXZqjo.3","action":"GetUpdates Response", "result":"Success", "context":Received 3 update(s). cV=JKFzLfN6QdWpQIrYqXZqjo.0;server=GENERAL0200002D;cloudType=Consumer;environment=Prod_WestEurope_x00e;migrationStage=NotStarted}
{"logTime": "1105/134033", "correlationVector":"XcKV0Vl9cLVONaxE1EERx1","action":"Commit Request", "result":"", "context":Item count: 1
Contributing types: Sessions}
{"logTime": "1105/134033", "correlationVector":"XcKV0Vl9cLVONaxE1EERx1.1","action":"SyncServerConnectionManagerRequest", "result":"SYNC_SERVER_OK", "context":{"environment":"Prod_WestEurope_000l", "migrationStage":"NotStarted", "server":"GENERAL0100000M"}}
{"logTime": "1105/134033", "correlationVector":"XcKV0Vl9cLVONaxE1EERx1.2","action":"Commit Response", "result":"Success", "context":Result: Success. cV=XcKV0Vl9cLVONaxE1EERx1.0;server=GENERAL0100000M;cloudType=Consumer;environment=Prod_WestEurope_000l;migrationStage=NotStarted}
{"logTime": "1105/134103", "correlationVector":"kuodZcgiEiYw61KoSUxePw","action":"Normal GetUpdate request", "result":"", "context":cV=kuodZcgiEiYw61KoSUxePw
Nudged types: Sessions}
{"logTime": "1105/134103", "correlationVector":"kuodZcgiEiYw61KoSUxePw","action":"SyncServerConnectionManagerRequest", "result":"CONNECTION_UNAVAILABLE", "context":{"error_type":"net_error_code", "error_value":"-106"}}
{"logTime": "1105/134103", "correlationVector":"3lrviENboSh3eQKu6cxQaM.0","action":"GetUpdates Response", "result":"Network error (ERR_INTERNET_DISCONNECTED)", "context":Received error: Network error (ERR_INTERNET_DISCONNECTED). }
{"logTime": "1105/134148", "correlationVector":"qzzBnjfrruZUxiTfKG+BbS","action":"Normal GetUpdate request", "result":"", "context":cV=qzzBnjfrruZUxiTfKG+BbS
Nudged types: Sessions}
{"logTime": "1105/134148", "correlationVector":"qzzBnjfrruZUxiTfKG+BbS","action":"SyncServerConnectionManagerRequest", "result":"CONNECTION_UNAVAILABLE", "context":{"error_type":"net_error_code", "error_value":"-106"}}
{"logTime": "1105/134148", "correlationVector":"eHX1LQ1ZaBiMxzt0ZBbPOx.0","action":"GetUpdates Response", "result":"Network error (ERR_INTERNET_DISCONNECTED)", "context":Received error: Network error (ERR_INTERNET_DISCONNECTED). }
{"logTime": "1105/134207", "correlationVector":"mfO9Bj66PgS6S5WgyXRG4O","action":"Normal GetUpdate request", "result":"", "context":cV=mfO9Bj66PgS6S5WgyXRG4O
Nudged types: Sessions}
{"logTime": "1105/134208", "correlationVector":"mfO9Bj66PgS6S5WgyXRG4O.1","action":"SyncServerConnectionManagerRequest", "result":"SYNC_SERVER_OK", "context":{"environment":"Prod_NorthEurope_000h", "migrationStage":"NotStarted", "server":"GENERAL0100002R"}}
{"logTime": "1105/134208", "correlationVector":"mfO9Bj66PgS6S5WgyXRG4O.2","action":"GetUpdates Response", "result":"Success", "context":Received 1 update(s). cV=mfO9Bj66PgS6S5WgyXRG4O.0;server=GENERAL0100002R;cloudType=Consumer;environment=Prod_NorthEurope_000h;migrationStage=NotStarted}
{"logTime": "1105/134208", "correlationVector":"NmbGuj0pJHLlgRR9pRXo+V","action":"Commit Request", "result":"", "context":Item count: 1
Contributing types: Sessions}
{"logTime": "1105/134208", "correlationVector":"NmbGuj0pJHLlgRR9pRXo+V.1","action":"SyncServerConnectionManagerRequest", "result":"SYNC_SERVER_OK", "context":{"environment":"Prod_NorthEurope_000h", "migrationStage":"NotStarted", "server":"GENERAL01000028"}}
{"logTime": "1105/134208", "correlationVector":"NmbGuj0pJHLlgRR9pRXo+V.2","action":"Commit Response", "result":"Success", "context":Result: Success. cV=NmbGuj0pJHLlgRR9pRXo+V.0;server=GENERAL01000028;cloudType=Consumer;environment=Prod_NorthEurope_000h;migrationStage=NotStarted}
{"logTime": "1105/134238", "correlationVector":"9IN5yYVQV6PL7mSfMAGoK+","action":"Normal GetUpdate request", "result":"", "context":cV=9IN5yYVQV6PL7mSfMAGoK+
Nudged types: Sessions}
{"logTime": "1105/134238", "correlationVector":"9IN5yYVQV6PL7mSfMAGoK+.1","action":"SyncServerConnectionManagerRequest", "result":"SYNC_SERVER_OK", "context":{"environment":"Prod_WestEurope_000l", "migrationStage":"NotStarted", "server":"GENERAL01000004"}}
{"logTime": "1105/134238", "correlationVector":"9IN5yYVQV6PL7mSfMAGoK+.2","action":"GetUpdates Response", "result":"Success", "context":Received 1 update(s). cV=9IN5yYVQV6PL7mSfMAGoK+.0;server=GENERAL01000004;cloudType=Consumer;environment=Prod_WestEurope_000l;migrationStage=NotStarted}
{"logTime": "1105/134501", "correlationVector":"+17x3aL1XNvEMYF7oQ+l6S","action":"Normal GetUpdate request", "result":"", "context":cV=+17x3aL1XNvEMYF7oQ+l6S
Refresh requested types: Bookmarks, Preferences, Passwords, Autofill Profiles, Autofill, Typed URLs, Extensions, Sessions, Extension settings, History Delete Directives, Device Info, User Consents, Send Tab To Self, Web Apps, Collection, Edge E Drop, Edge Hub App Usage, Edge Tab Group, Edge Wallet, Encryption Keys}
{"logTime": "1105/134501", "correlationVector":"+17x3aL1XNvEMYF7oQ+l6S.1","action":"SyncServerConnectionManagerRequest", "result":"SYNC_SERVER_OK", "context":{"environment":"Prod_NorthEurope_000h", "migrationStage":"NotStarted", "server":"GENERAL01000004"}}
{"logTime": "1105/134501", "correlationVector":"+17x3aL1XNvEMYF7oQ+l6S.2","action":"GetUpdates Response", "result":"Success", "context":Received 0 update(s). cV=+17x3aL1XNvEMYF7oQ+l6S.0;server=GENERAL01000004;cloudType=Consumer;environment=Prod_NorthEurope_000h;migrationStage=NotStarted}
{"logTime": "1105/134831", "correlationVector":"OmFfliZNrmPZbDW3kjNIaJ.1","action":"SyncServerConnectionManagerRequest", "result":"SYNC_SERVER_OK", "context":{"environment":"Prod_WestEurope_000l", "migrationStage":"NotStarted", "server":"GENERAL0100000L"}}
{"logTime": "1105/134831", "correlationVector":"DgYz7ShljBRwNw31mUpB+4","action":"SyncServerConnectionManagerRequest", "result":"SYNC_SERVER_OK", "context":{"environment":"", "migrationStage":"", "server":""}}
{"logTime": "1105/134831", "correlationVector":"OmFfliZNrmPZbDW3kjNIaJ","action":"Initial GetUpdates", "result":"", "context":Reason: NEW_CLIENT. cV=OmFfliZNrmPZbDW3kjNIaJ}
{"logTime": "1105/134831", "correlationVector":"OmFfliZNrmPZbDW3kjNIaJ.2","action":"GetUpdates Response", "result":"Success", "context":Received 1 update(s). cV=OmFfliZNrmPZbDW3kjNIaJ.0;server=GENERAL0100000L;cloudType=Consumer;environment=Prod_WestEurope_000l;migrationStage=NotStarted}
{"logTime": "1105/134831", "correlationVector":"hbr/q1N8zVo/PHKVzoTi0L","action":"Initial GetUpdates", "result":"", "context":Reason: NEWLY_SUPPORTED_DATATYPE. cV=hbr/q1N8zVo/PHKVzoTi0L}
{"logTime": "1105/134832", "correlationVector":"hbr/q1N8zVo/PHKVzoTi0L.1","action":"SyncServerConnectionManagerRequest", "result":"SYNC_SERVER_OK", "context":{"environment":"Prod_WestEurope_000l", "migrationStage":"NotStarted", "server":"GENERAL01000011"}}
{"logTime": "1105/134832", "correlationVector":"hbr/q1N8zVo/PHKVzoTi0L.2","action":"GetUpdates Response", "result":"Success", "context":Received 12 update(s). cV=hbr/q1N8zVo/PHKVzoTi0L.0;server=GENERAL01000011;cloudType=Consumer;environment=Prod_WestEurope_000l;migrationStage=NotStarted}
{"logTime": "1105/134832", "correlationVector":"/zD0Yeeu5uWExybU6RNAx+","action":"Normal GetUpdate request", "result":"", "context":cV=/zD0Yeeu5uWExybU6RNAx+
Nudged types: Sessions
Refresh requested types: Bookmarks, Preferences, Passwords, Autofill Profiles, Autofill, Typed URLs, Extensions, Sessions, Extension settings, History Delete Directives, Device Info, User Consents, Send Tab To Self, Web Apps, Collection, Edge E Drop, Edge Hub App Usage, Edge Tab Group, Edge Wallet, Encryption Keys}
{"logTime": "1105/134832", "correlationVector":"/zD0Yeeu5uWExybU6RNAx+.1","action":"SyncServerConnectionManagerRequest", "result":"SYNC_SERVER_OK", "context":{"environment":"Prod_WestEurope_000l", "migrationStage":"NotStarted", "server":"GENERAL0100000C"}}
{"logTime": "1105/134832", "correlationVector":"/zD0Yeeu5uWExybU6RNAx+.2","action":"GetUpdates Response", "result":"Success", "context":Received 0 update(s). cV=/zD0Yeeu5uWExybU6RNAx+.0;server=GENERAL0100000C;cloudType=Consumer;environment=Prod_WestEurope_000l;migrationStage=NotStarted}
{"logTime": "1105/134832", "correlationVector":"HOtxdOiX2WQQAmdV/Ee5/n","action":"Commit Request", "result":"", "context":Item count: 3
Contributing types: Sessions}
{"logTime": "1105/134833", "correlationVector":"HOtxdOiX2WQQAmdV/Ee5/n.1","action":"SyncServerConnectionManagerRequest", "result":"SYNC_SERVER_OK", "context":{"environment":"Prod_WestEurope_000l", "migrationStage":"NotStarted", "server":"GENERAL0100001D"}}
{"logTime": "1105/134833", "correlationVector":"HOtxdOiX2WQQAmdV/Ee5/n.3","action":"Commit.Sessions", "result":"Success", "context":{"id":"689e9bc0-4fad-46df-989a-0b65636cce6c", "isDeleted":"true", "size":"0", "version":"1730814128322"}}
{"logTime": "1105/134833", "correlationVector":"HOtxdOiX2WQQAmdV/Ee5/n.2","action":"Commit Response", "result":"Success", "context":Result: Success. cV=HOtxdOiX2WQQAmdV/Ee5/n.0;server=GENERAL0100001D;cloudType=Consumer;environment=Prod_WestEurope_000l;migrationStage=NotStarted}
{"logTime": "1105/134903", "correlationVector":"jOr12h/w6ukx2m0kKE1SoX","action":"Normal GetUpdate request", "result":"", "context":cV=jOr12h/w6ukx2m0kKE1SoX
Nudged types: Sessions}
{"logTime": "1105/134903", "correlationVector":"jOr12h/w6ukx2m0kKE1SoX.1","action":"SyncServerConnectionManagerRequest", "result":"SYNC_SERVER_OK", "context":{"environment":"Prod_WestEurope_000l", "migrationStage":"NotStarted", "server":"GENERAL0100000U"}}
{"logTime": "1105/134903", "correlationVector":"jOr12h/w6ukx2m0kKE1SoX.2","action":"GetUpdates", "result":"DeleteReceived", "context":{"id":"689e9bc0-4fad-46df-989a-0b65636cce6c", "isDeleted:":"true", "version":"1730814512906"}}
{"logTime": "1105/134903", "correlationVector":"jOr12h/w6ukx2m0kKE1SoX.3","action":"GetUpdates Response", "result":"Success", "context":Received 3 update(s). cV=jOr12h/w6ukx2m0kKE1SoX.0;server=GENERAL0100000U;cloudType=Consumer;environment=Prod_WestEurope_000l;migrationStage=NotStarted}
{"logTime": "1105/134903", "correlationVector":"+/hLbHxT8iLCNIY0jzbt5k","action":"Commit Request", "result":"", "context":Item count: 1
Contributing types: Sessions}
{"logTime": "1105/134903", "correlationVector":"+/hLbHxT8iLCNIY0jzbt5k.1","action":"SyncServerConnectionManagerRequest", "result":"SYNC_SERVER_OK", "context":{"environment":"Prod_WestEurope_000l", "migrationStage":"NotStarted", "server":"GENERAL0100001L"}}
{"logTime": "1105/134903", "correlationVector":"+/hLbHxT8iLCNIY0jzbt5k.2","action":"Commit Response", "result":"Success", "context":Result: Success. cV=+/hLbHxT8iLCNIY0jzbt5k.0;server=GENERAL0100001L;cloudType=Consumer;environment=Prod_WestEurope_000l;migrationStage=NotStarted}
{"logTime": "1105/134933", "correlationVector":"bnBaitw9Eu3G3w3uTYuD70","action":"Normal GetUpdate request", "result":"", "context":cV=bnBaitw9Eu3G3w3uTYuD70
Nudged types: Sessions}
{"logTime": "1105/134933", "correlationVector":"bnBaitw9Eu3G3w3uTYuD70.1","action":"SyncServerConnectionManagerRequest", "result":"SYNC_SERVER_OK", "context":{"environment":"Prod_NorthEurope_000h", "migrationStage":"NotStarted", "server":"GENERAL0100000S"}}
{"logTime": "1105/134933", "correlationVector":"bnBaitw9Eu3G3w3uTYuD70.2","action":"GetUpdates Response", "result":"Success", "context":Received 1 update(s). cV=bnBaitw9Eu3G3w3uTYuD70.0;server=GENERAL0100000S;cloudType=Consumer;environment=Prod_NorthEurope_000h;migrationStage=NotStarted}
{"logTime": "1105/134933", "correlationVector":"pJKMwremA9vLr2evOtK4Kp","action":"Commit Request", "result":"", "context":Item count: 1
Contributing types: Sessions}
{"logTime": "1105/134934", "correlationVector":"pJKMwremA9vLr2evOtK4Kp.1","action":"SyncServerConnectionManagerRequest", "result":"SYNC_SERVER_OK", "context":{"environment":"Prod_NorthEurope_000h", "migrationStage":"NotStarted", "server":"GENERAL01000006"}}
{"logTime": "1105/134934", "correlationVector":"pJKMwremA9vLr2evOtK4Kp.2","action":"Commit Response", "result":"Success", "context":Result: Success. cV=pJKMwremA9vLr2evOtK4Kp.0;server=GENERAL01000006;cloudType=Consumer;environment=Prod_NorthEurope_000h;migrationStage=NotStarted}
{"logTime": "1105/135143", "correlationVector":"lVw9bEpk6kk6juHPLCNd6m.1","action":"SyncServerConnectionManagerRequest", "result":"SYNC_SERVER_OK", "context":{"environment":"Prod_NorthEurope_000h", "migrationStage":"NotStarted", "server":"GENERAL0100001Y"}}
{"logTime": "1105/135143", "correlationVector":"yUr/nP7GS7FPttTdAhFqhv","action":"SyncServerConnectionManagerRequest", "result":"SYNC_SERVER_OK", "context":{"environment":"", "migrationStage":"", "server":""}}
{"logTime": "1105/135143", "correlationVector":"lVw9bEpk6kk6juHPLCNd6m","action":"Initial GetUpdates", "result":"", "context":Reason: NEW_CLIENT. cV=lVw9bEpk6kk6juHPLCNd6m}
{"logTime": "1105/135143", "correlationVector":"lVw9bEpk6kk6juHPLCNd6m.2","action":"GetUpdates Response", "result":"Success", "context":Received 1 update(s). cV=lVw9bEpk6kk6juHPLCNd6m.0;server=GENERAL0100001Y;cloudType=Consumer;environment=Prod_NorthEurope_000h;migrationStage=NotStarted}
{"logTime": "1105/135143", "correlationVector":"r99D0i6kXJ4RN1sBE+VeKL","action":"Initial GetUpdates", "result":"", "context":Reason: NEWLY_SUPPORTED_DATATYPE. cV=r99D0i6kXJ4RN1sBE+VeKL}
{"logTime": "1105/135144", "correlationVector":"r99D0i6kXJ4RN1sBE+VeKL.1","action":"SyncServerConnectionManagerRequest", "result":"SYNC_SERVER_OK", "context":{"environment":"Prod_WestEurope_000l", "migrationStage":"NotStarted", "server":"GENERAL0100000D"}}
{"logTime": "1105/135144", "correlationVector":"r99D0i6kXJ4RN1sBE+VeKL.2","action":"GetUpdates Response", "result":"Success", "context":Received 12 update(s). cV=r99D0i6kXJ4RN1sBE+VeKL.0;server=GENERAL0100000D;cloudType=Consumer;environment=Prod_WestEurope_000l;migrationStage=NotStarted}
{"logTime": "1105/135144", "correlationVector":"H2FSSYUSFDBnLvsYTfdyYJ","action":"Normal GetUpdate request", "result":"", "context":cV=H2FSSYUSFDBnLvsYTfdyYJ
Nudged types: Sessions
Refresh requested types: Bookmarks, Preferences, Passwords, Autofill Profiles, Autofill, Typed URLs, Extensions, Sessions, Extension settings, History Delete Directives, Device Info, User Consents, Send Tab To Self, Web Apps, Collection, Edge E Drop, Edge Hub App Usage, Edge Tab Group, Edge Wallet, Encryption Keys}
{"logTime": "1105/135144", "correlationVector":"H2FSSYUSFDBnLvsYTfdyYJ.1","action":"SyncServerConnectionManagerRequest", "result":"SYNC_SERVER_OK", "context":{"environment":"Prod_WestEurope_000l", "migrationStage":"NotStarted", "server":"GENERAL01000011"}}
{"logTime": "1105/135144", "correlationVector":"H2FSSYUSFDBnLvsYTfdyYJ.2","action":"GetUpdates Response", "result":"Success", "context":Received 1 update(s). cV=H2FSSYUSFDBnLvsYTfdyYJ.0;server=GENERAL01000011;cloudType=Consumer;environment=Prod_WestEurope_000l;migrationStage=NotStarted}
{"logTime": "1105/135144", "correlationVector":"+CMTKctXyu137Av5g2imPb","action":"Commit Request", "result":"", "context":Item count: 3
Contributing types: Sessions}
{"logTime": "1105/135144", "correlationVector":"+CMTKctXyu137Av5g2imPb.1","action":"SyncServerConnectionManagerRequest", "result":"SYNC_SERVER_OK", "context":{"environment":"Prod_WestEurope_000l", "migrationStage":"NotStarted", "server":"GENERAL01000015"}}
{"logTime": "1105/135144", "correlationVector":"+CMTKctXyu137Av5g2imPb.3","action":"Commit.Sessions", "result":"Success", "context":{"id":"95804e40-833c-41fb-89db-48a941ffbce1", "isDeleted":"true", "size":"0", "version":"1730814574001"}}
{"logTime": "1105/135144", "correlationVector":"+CMTKctXyu137Av5g2imPb.2","action":"Commit Response", "result":"Success", "context":Result: Success. cV=+CMTKctXyu137Av5g2imPb.0;server=GENERAL01000015;cloudType=Consumer;environment=Prod_WestEurope_000l;migrationStage=NotStarted}
{"logTime": "1105/135214", "correlationVector":"Wrh/jjdByf1DZMYvx1iTRV","action":"Normal GetUpdate request", "result":"", "context":cV=Wrh/jjdByf1DZMYvx1iTRV
Nudged types: Sessions}
{"logTime": "1105/135214", "correlationVector":"Wrh/jjdByf1DZMYvx1iTRV.1","action":"SyncServerConnectionManagerRequest", "result":"SYNC_SERVER_OK", "context":{"environment":"Prod_WestEurope_000l", "migrationStage":"NotStarted", "server":"GENERAL01000007"}}
{"logTime": "1105/135214", "correlationVector":"Wrh/jjdByf1DZMYvx1iTRV.2","action":"GetUpdates", "result":"DeleteReceived", "context":{"id":"95804e40-833c-41fb-89db-48a941ffbce1", "isDeleted:":"true", "version":"1730814704555"}}
{"logTime": "1105/135214", "correlationVector":"Wrh/jjdByf1DZMYvx1iTRV.3","action":"GetUpdates Response", "result":"Success", "context":Received 3 update(s). cV=Wrh/jjdByf1DZMYvx1iTRV.0;server=GENERAL01000007;cloudType=Consumer;environment=Prod_WestEurope_000l;migrationStage=NotStarted}
{"logTime": "1105/135214", "correlationVector":"2nt7kuE33PWaesPeW5p/q6","action":"Commit Request", "result":"", "context":Item count: 1
Contributing types: Sessions}
{"logTime": "1105/135215", "correlationVector":"2nt7kuE33PWaesPeW5p/q6.1","action":"SyncServerConnectionManagerRequest", "result":"SYNC_SERVER_OK", "context":{"environment":"Prod_WestEurope_000l", "migrationStage":"NotStarted", "server":"GENERAL0100000S"}}
{"logTime": "1105/135215", "correlationVector":"2nt7kuE33PWaesPeW5p/q6.2","action":"Commit Response", "result":"Success", "context":Result: Success. cV=2nt7kuE33PWaesPeW5p/q6.0;server=GENERAL0100000S;cloudType=Consumer;environment=Prod_WestEurope_000l;migrationStage=NotStarted}
{"logTime": "1105/135354", "correlationVector":"aCH+d6ZWedsKJYTCHN85wG.1","action":"SyncServerConnectionManagerRequest", "result":"SYNC_SERVER_OK", "context":{"environment":"Prod_WestEurope_000l", "migrationStage":"NotStarted", "server":"GENERAL0100000V"}}
{"logTime": "1105/135354", "correlationVector":"9sBHW6Nmz4JtNoz4cCLrtl","action":"SyncServerConnectionManagerRequest", "result":"SYNC_SERVER_OK", "context":{"environment":"", "migrationStage":"", "server":""}}
{"logTime": "1105/135354", "correlationVector":"aCH+d6ZWedsKJYTCHN85wG","action":"Initial GetUpdates", "result":"", "context":Reason: NEW_CLIENT. cV=aCH+d6ZWedsKJYTCHN85wG}
{"logTime": "1105/135354", "correlationVector":"aCH+d6ZWedsKJYTCHN85wG.2","action":"GetUpdates Response", "result":"Success", "context":Received 1 update(s). cV=aCH+d6ZWedsKJYTCHN85wG.0;server=GENERAL0100000V;cloudType=Consumer;environment=Prod_WestEurope_000l;migrationStage=NotStarted}
{"logTime": "1105/135354", "correlationVector":"yU0UOqGuOdG8QxdnfTKVMW","action":"Initial GetUpdates", "result":"", "context":Reason: NEWLY_SUPPORTED_DATATYPE. cV=yU0UOqGuOdG8QxdnfTKVMW}
{"logTime": "1105/135354", "correlationVector":"yU0UOqGuOdG8QxdnfTKVMW.1","action":"SyncServerConnectionManagerRequest", "result":"SYNC_SERVER_OK", "context":{"environment":"Prod_WestEurope_000l", "migrationStage":"NotStarted", "server":"GENERAL0100000W"}}
{"logTime": "1105/135354", "correlationVector":"yU0UOqGuOdG8QxdnfTKVMW.2","action":"GetUpdates Response", "result":"Success", "context":Received 12 update(s). cV=yU0UOqGuOdG8QxdnfTKVMW.0;server=GENERAL0100000W;cloudType=Consumer;environment=Prod_WestEurope_000l;migrationStage=NotStarted}
{"logTime": "1105/135354", "correlationVector":"dLu7+V0COtxd6aumJYgN+K","action":"Normal GetUpdate request", "result":"", "context":cV=dLu7+V0COtxd6aumJYgN+K
Nudged types: Sessions
Refresh requested types: Bookmarks, Preferences, Passwords, Autofill Profiles, Autofill, Typed URLs, Extensions, Sessions, Extension settings, History Delete Directives, Device Info, User Consents, Send Tab To Self, Web Apps, Collection, Edge E Drop, Edge Hub App Usage, Edge Tab Group, Edge Wallet, Encryption Keys}
{"logTime": "1105/135355", "correlationVector":"dLu7+V0COtxd6aumJYgN+K.1","action":"SyncServerConnectionManagerRequest", "result":"SYNC_SERVER_OK", "context":{"environment":"Prod_WestEurope_000l", "migrationStage":"NotStarted", "server":"GENERAL01000003"}}
{"logTime": "1105/135355", "correlationVector":"dLu7+V0COtxd6aumJYgN+K.2","action":"GetUpdates Response", "result":"Success", "context":Received 1 update(s). cV=dLu7+V0COtxd6aumJYgN+K.0;server=GENERAL01000003;cloudType=Consumer;environment=Prod_WestEurope_000l;migrationStage=NotStarted}
{"logTime": "1105/135355", "correlationVector":"UmV0whnUnjR1t981oUXlDK","action":"Commit Request", "result":"", "context":Item count: 3
Contributing types: Sessions}
{"logTime": "1105/135355", "correlationVector":"UmV0whnUnjR1t981oUXlDK.1","action":"SyncServerConnectionManagerRequest", "result":"SYNC_SERVER_OK", "context":{"environment":"Prod_WestEurope_000l", "migrationStage":"NotStarted", "server":"GENERAL0100001K"}}
{"logTime": "1105/135355", "correlationVector":"UmV0whnUnjR1t981oUXlDK.3","action":"Commit.Sessions", "result":"Success", "context":{"id":"c5ef168e-fdda-4cbc-892a-e1273344431a", "isDeleted":"true", "size":"0", "version":"1730814735123"}}
{"logTime": "1105/135355", "correlationVector":"UmV0whnUnjR1t981oUXlDK.2","action":"Commit Response", "result":"Success", "context":Result: Success. cV=UmV0whnUnjR1t981oUXlDK.0;server=GENERAL0100001K;cloudType=Consumer;environment=Prod_WestEurope_000l;migrationStage=NotStarted}
{"logTime": "1105/135425", "correlationVector":"QLQweniV2K94ybVugvVxMY","action":"Normal GetUpdate request", "result":"", "context":cV=QLQweniV2K94ybVugvVxMY
Nudged types: Sessions}
{"logTime": "1105/135425", "correlationVector":"QLQweniV2K94ybVugvVxMY.1","action":"SyncServerConnectionManagerRequest", "result":"SYNC_SERVER_OK", "context":{"environment":"Prod_WestEurope_000l", "migrationStage":"NotStarted", "server":"GENERAL0100000V"}}
{"logTime": "1105/135425", "correlationVector":"QLQweniV2K94ybVugvVxMY.2","action":"GetUpdates", "result":"DeleteReceived", "context":{"id":"c5ef168e-fdda-4cbc-892a-e1273344431a", "isDeleted:":"true", "version":"1730814835306"}}
{"logTime": "1105/135425", "correlationVector":"QLQweniV2K94ybVugvVxMY.3","action":"GetUpdates Response", "result":"Success", "context":Received 3 update(s). cV=QLQweniV2K94ybVugvVxMY.0;server=GENERAL0100000V;cloudType=Consumer;environment=Prod_WestEurope_000l;migrationStage=NotStarted}
{"logTime": "1105/135425", "correlationVector":"LE4sRxZoP7M7Uq2uOBDhq8","action":"Commit Request", "result":"", "context":Item count: 1
Contributing types: Sessions}
{"logTime": "1105/135425", "correlationVector":"LE4sRxZoP7M7Uq2uOBDhq8.1","action":"SyncServerConnectionManagerRequest", "result":"SYNC_SERVER_OK", "context":{"environment":"Prod_WestEurope_000l", "migrationStage":"NotStarted", "server":"general0100000H"}}
{"logTime": "1105/135425", "correlationVector":"LE4sRxZoP7M7Uq2uOBDhq8.2","action":"Commit Response", "result":"Success", "context":Result: Success. cV=LE4sRxZoP7M7Uq2uOBDhq8.0;server=general0100000H;cloudType=Consumer;environment=Prod_WestEurope_000l;migrationStage=NotStarted}
{"logTime": "1105/135455", "correlationVector":"64k1T/N0LuOoY4w4cgJ5BQ","action":"Commit Request", "result":"", "context":Item count: 1
Contributing types: Sessions}
{"logTime": "1105/135456", "correlationVector":"64k1T/N0LuOoY4w4cgJ5BQ.1","action":"SyncServerConnectionManagerRequest", "result":"SYNC_SERVER_OK", "context":{"environment":"Prod_WestEurope_000l", "migrationStage":"NotStarted", "server":"GENERAL01000011"}}
{"logTime": "1105/135456", "correlationVector":"64k1T/N0LuOoY4w4cgJ5BQ.2","action":"Commit Response", "result":"Success", "context":Result: Success. cV=64k1T/N0LuOoY4w4cgJ5BQ.0;server=GENERAL01000011;cloudType=Consumer;environment=Prod_WestEurope_000l;migrationStage=NotStarted}
{"logTime": "1105/135742", "correlationVector":"fERaZtreY2+QNLL+FnaMSk.1","action":"SyncServerConnectionManagerRequest", "result":"SYNC_SERVER_OK", "context":{"environment":"Prod_WestEurope_000l", "migrationStage":"NotStarted", "server":"GENERAL0100000T"}}
{"logTime": "1105/135742", "correlationVector":"C+A7+U+BtmhOUeQK0jLB3N","action":"SyncServerConnectionManagerRequest", "result":"SYNC_SERVER_OK", "context":{"environment":"", "migrationStage":"", "server":""}}
{"logTime": "1105/135742", "correlationVector":"fERaZtreY2+QNLL+FnaMSk","action":"Initial GetUpdates", "result":"", "context":Reason: NEW_CLIENT. cV=fERaZtreY2+QNLL+FnaMSk}
{"logTime": "1105/135742", "correlationVector":"fERaZtreY2+QNLL+FnaMSk.2","action":"GetUpdates Response", "result":"Success", "context":Received 1 update(s). cV=fERaZtreY2+QNLL+FnaMSk.0;server=GENERAL0100000T;cloudType=Consumer;environment=Prod_WestEurope_000l;migrationStage=NotStarted}
{"logTime": "1105/135742", "correlationVector":"eybYxdAJTLd4z8LUqJe4yw","action":"Initial GetUpdates", "result":"", "context":Reason: NEWLY_SUPPORTED_DATATYPE. cV=eybYxdAJTLd4z8LUqJe4yw}
{"logTime": "1105/135742", "correlationVector":"eybYxdAJTLd4z8LUqJe4yw.1","action":"SyncServerConnectionManagerRequest", "result":"SYNC_SERVER_OK", "context":{"environment":"Prod_WestEurope_000l", "migrationStage":"NotStarted", "server":"GENERAL0100001C"}}
{"logTime": "1105/135742", "correlationVector":"eybYxdAJTLd4z8LUqJe4yw.2","action":"GetUpdates Response", "result":"Success", "context":Received 12 update(s). cV=eybYxdAJTLd4z8LUqJe4yw.0;server=GENERAL0100001C;cloudType=Consumer;environment=Prod_WestEurope_000l;migrationStage=NotStarted}
{"logTime": "1105/135742", "correlationVector":"PNIUsLrcLv14oM1StgHlee","action":"Normal GetUpdate request", "result":"", "context":cV=PNIUsLrcLv14oM1StgHlee
Nudged types: Sessions
Refresh requested types: Bookmarks, Preferences, Passwords, Autofill Profiles, Autofill, Typed URLs, Extensions, Sessions, Extension settings, History Delete Directives, Device Info, User Consents, Send Tab To Self, Web Apps, Collection, Edge E Drop, Edge Hub App Usage, Edge Tab Group, Edge Wallet, Encryption Keys}
{"logTime": "1105/135743", "correlationVector":"PNIUsLrcLv14oM1StgHlee.1","action":"SyncServerConnectionManagerRequest", "result":"SYNC_SERVER_OK", "context":{"environment":"Prod_WestEurope_000l", "migrationStage":"NotStarted", "server":"GENERAL01000007"}}
{"logTime": "1105/135743", "correlationVector":"PNIUsLrcLv14oM1StgHlee.2","action":"GetUpdates Response", "result":"Success", "context":Received 1 update(s). cV=PNIUsLrcLv14oM1StgHlee.0;server=GENERAL01000007;cloudType=Consumer;environment=Prod_WestEurope_000l;migrationStage=NotStarted}
{"logTime": "1105/135743", "correlationVector":"swbREXX6X5OViutLMptsX9","action":"Commit Request", "result":"", "context":Item count: 3
Contributing types: Sessions}
{"logTime": "1105/135743", "correlationVector":"swbREXX6X5OViutLMptsX9.1","action":"SyncServerConnectionManagerRequest", "result":"SYNC_SERVER_OK", "context":{"environment":"Prod_WestEurope_000l", "migrationStage":"NotStarted", "server":"general0100000E"}}
{"logTime": "1105/135743", "correlationVector":"swbREXX6X5OViutLMptsX9.3","action":"Commit.Sessions", "result":"Success", "context":{"id":"f63220bc-0800-4539-a00b-9dd7029476be", "isDeleted":"true", "size":"0", "version":"1730814896185"}}
{"logTime": "1105/135743", "correlationVector":"swbREXX6X5OViutLMptsX9.2","action":"Commit Response", "result":"Success", "context":Result: Success. cV=swbREXX6X5OViutLMptsX9.0;server=general0100000E;cloudType=Consumer;environment=Prod_WestEurope_000l;migrationStage=NotStarted}
{"logTime": "1105/135805", "correlationVector":"9Zxbu+q2DjReXTZkmuTNo6","action":"Normal GetUpdate request", "result":"", "context":cV=9Zxbu+q2DjReXTZkmuTNo6
Nudged types: Preferences, Sessions}
{"logTime": "1105/135805", "correlationVector":"9Zxbu+q2DjReXTZkmuTNo6.1","action":"SyncServerConnectionManagerRequest", "result":"SYNC_SERVER_OK", "context":{"environment":"Prod_WestEurope_000l", "migrationStage":"NotStarted", "server":"GENERAL0100001H"}}
{"logTime": "1105/135805", "correlationVector":"9Zxbu+q2DjReXTZkmuTNo6.2","action":"GetUpdates", "result":"DeleteReceived", "context":{"id":"f63220bc-0800-4539-a00b-9dd7029476be", "isDeleted:":"true", "version":"1730815063433"}}
{"logTime": "1105/135805", "correlationVector":"9Zxbu+q2DjReXTZkmuTNo6.3","action":"GetUpdates Response", "result":"Success", "context":Received 3 update(s). cV=9Zxbu+q2DjReXTZkmuTNo6.0;server=GENERAL0100001H;cloudType=Consumer;environment=Prod_WestEurope_000l;migrationStage=NotStarted}
{"logTime": "1105/135805", "correlationVector":"51Z/0fmFO/ZECTMMJRLLss","action":"Commit Request", "result":"", "context":Item count: 4
Contributing types: Preferences, Sessions}
{"logTime": "1105/135806", "correlationVector":"51Z/0fmFO/ZECTMMJRLLss.1","action":"SyncServerConnectionManagerRequest", "result":"SYNC_SERVER_OK", "context":{"environment":"Prod_WestEurope_000l", "migrationStage":"NotStarted", "server":"GENERAL0100000G"}}
{"logTime": "1105/135806", "correlationVector":"51Z/0fmFO/ZECTMMJRLLss.2","action":"Commit Response", "result":"Success", "context":Result: Success. cV=51Z/0fmFO/ZECTMMJRLLss.0;server=GENERAL0100000G;cloudType=Consumer;environment=Prod_WestEurope_000l;migrationStage=NotStarted}
{"logTime": "1105/140120", "correlationVector":"2r9TvXB6TwzkZRgCrvAcSC.1","action":"SyncServerConnectionManagerRequest", "result":"SYNC_SERVER_OK", "context":{"environment":"Prod_WestEurope_000l", "migrationStage":"NotStarted", "server":"GENERAL0100000G"}}
{"logTime": "1105/140121", "correlationVector":"KvgugAKS+dHAQLTBVN+G65","action":"SyncServerConnectionManagerRequest", "result":"SYNC_SERVER_OK", "context":{"environment":"", "migrationStage":"", "server":""}}
{"logTime": "1105/140121", "correlationVector":"2r9TvXB6TwzkZRgCrvAcSC","action":"Initial GetUpdates", "result":"", "context":Reason: NEW_CLIENT. cV=2r9TvXB6TwzkZRgCrvAcSC}
{"logTime": "1105/140121", "correlationVector":"2r9TvXB6TwzkZRgCrvAcSC.2","action":"GetUpdates Response", "result":"Success", "context":Received 1 update(s). cV=2r9TvXB6TwzkZRgCrvAcSC.0;server=GENERAL0100000G;cloudType=Consumer;environment=Prod_WestEurope_000l;migrationStage=NotStarted}
{"logTime": "1105/140121", "correlationVector":"t1Q0dn1uIgfnxWNEHVCHca","action":"Initial GetUpdates", "result":"", "context":Reason: NEWLY_SUPPORTED_DATATYPE. cV=t1Q0dn1uIgfnxWNEHVCHca}
{"logTime": "1105/140121", "correlationVector":"t1Q0dn1uIgfnxWNEHVCHca.1","action":"SyncServerConnectionManagerRequest", "result":"SYNC_SERVER_OK", "context":{"environment":"Prod_WestEurope_000l", "migrationStage":"NotStarted", "server":"GENERAL01000001"}}
{"logTime": "1105/140121", "correlationVector":"t1Q0dn1uIgfnxWNEHVCHca.2","action":"GetUpdates Response", "result":"Success", "context":Received 12 update(s). cV=t1Q0dn1uIgfnxWNEHVCHca.0;server=GENERAL01000001;cloudType=Consumer;environment=Prod_WestEurope_000l;migrationStage=NotStarted}
{"logTime": "1105/140121", "correlationVector":"SLKsSqDL81Di3BDn42cBZu","action":"Normal GetUpdate request", "result":"", "context":cV=SLKsSqDL81Di3BDn42cBZu
Nudged types: Sessions
Refresh requested types: Bookmarks, Preferences, Passwords, Autofill Profiles, Autofill, Typed URLs, Extensions, Sessions, Extension settings, History Delete Directives, Device Info, User Consents, Send Tab To Self, Web Apps, Collection, Edge E Drop, Edge Hub App Usage, Edge Tab Group, Edge Wallet, Encryption Keys}
{"logTime": "1105/140121", "correlationVector":"SLKsSqDL81Di3BDn42cBZu.1","action":"SyncServerConnectionManagerRequest", "result":"SYNC_SERVER_OK", "context":{"environment":"Prod_WestEurope_000l", "migrationStage":"NotStarted", "server":"GENERAL0100001J"}}
{"logTime": "1105/140121", "correlationVector":"SLKsSqDL81Di3BDn42cBZu.2","action":"GetUpdates Response", "result":"Success", "context":Received 4 update(s). cV=SLKsSqDL81Di3BDn42cBZu.0;server=GENERAL0100001J;cloudType=Consumer;environment=Prod_WestEurope_000l;migrationStage=NotStarted}
{"logTime": "1105/140121", "correlationVector":"giy+8Bk6aHePQCR6MEMdBu","action":"Commit Request", "result":"", "context":Item count: 3
Contributing types: Sessions}
{"logTime": "1105/140122", "correlationVector":"giy+8Bk6aHePQCR6MEMdBu.1","action":"SyncServerConnectionManagerRequest", "result":"SYNC_SERVER_OK", "context":{"environment":"Prod_EastUS2_000e", "migrationStage":"NotStarted", "server":"GENERAL01000012"}}
{"logTime": "1105/140122", "correlationVector":"giy+8Bk6aHePQCR6MEMdBu.3","action":"Commit.Sessions", "result":"Success", "context":{"id":"ba4b1c85-1dce-4175-b88b-f818dabc279e", "isDeleted":"true", "size":"0", "version":"1730815086371"}}
{"logTime": "1105/140122", "correlationVector":"giy+8Bk6aHePQCR6MEMdBu.2","action":"Commit Response", "result":"Success", "context":Result: Success. cV=giy+8Bk6aHePQCR6MEMdBu.0;server=GENERAL01000012;cloudType=Consumer;environment=Prod_EastUS2_000e;migrationStage=NotStarted}
{"logTime": "1105/140152", "correlationVector":"PWL8JHVZOHfzXFcrvWBNyi","action":"Normal GetUpdate request", "result":"", "context":cV=PWL8JHVZOHfzXFcrvWBNyi
Nudged types: Sessions}
{"logTime": "1105/140152", "correlationVector":"PWL8JHVZOHfzXFcrvWBNyi.1","action":"SyncServerConnectionManagerRequest", "result":"SYNC_SERVER_OK", "context":{"environment":"Prod_NorthEurope_000h", "migrationStage":"NotStarted", "server":"GENERAL0100000K"}}
{"logTime": "1105/140152", "correlationVector":"PWL8JHVZOHfzXFcrvWBNyi.2","action":"GetUpdates", "result":"DeleteReceived", "context":{"id":"ba4b1c85-1dce-4175-b88b-f818dabc279e", "isDeleted:":"true", "version":"1730815282063"}}
{"logTime": "1105/140152", "correlationVector":"PWL8JHVZOHfzXFcrvWBNyi.3","action":"GetUpdates Response", "result":"Success", "context":Received 3 update(s). cV=PWL8JHVZOHfzXFcrvWBNyi.0;server=GENERAL0100000K;cloudType=Consumer;environment=Prod_NorthEurope_000h;migrationStage=NotStarted}
{"logTime": "1105/140152", "correlationVector":"9VGivpxfKwTG70WIOkxZYH","action":"Commit Request", "result":"", "context":Item count: 1
Contributing types: Sessions}
{"logTime": "1105/140152", "correlationVector":"9VGivpxfKwTG70WIOkxZYH.1","action":"SyncServerConnectionManagerRequest", "result":"SYNC_SERVER_OK", "context":{"environment":"Prod_EastUS2_000e", "migrationStage":"NotStarted", "server":"GENERAL0100002L"}}
{"logTime": "1105/140152", "correlationVector":"9VGivpxfKwTG70WIOkxZYH.2","action":"Commit Response", "result":"Success", "context":Result: Success. cV=9VGivpxfKwTG70WIOkxZYH.0;server=GENERAL0100002L;cloudType=Consumer;environment=Prod_EastUS2_000e;migrationStage=NotStarted}
{"logTime": "1105/140222", "correlationVector":"oQecLGSLlx91T1G6sFWUpr","action":"Commit Request", "result":"", "context":Item count: 1
Contributing types: Sessions}
{"logTime": "1105/140223", "correlationVector":"oQecLGSLlx91T1G6sFWUpr.1","action":"SyncServerConnectionManagerRequest", "result":"SYNC_SERVER_OK", "context":{"environment":"Prod_WestEurope_000l", "migrationStage":"NotStarted", "server":"GENERAL01000000"}}
{"logTime": "1105/140223", "correlationVector":"oQecLGSLlx91T1G6sFWUpr.2","action":"Commit Response", "result":"Success", "context":Result: Success. cV=oQecLGSLlx91T1G6sFWUpr.0;server=GENERAL01000000;cloudType=Consumer;environment=Prod_WestEurope_000l;migrationStage=NotStarted}
{"logTime": "1105/140357", "correlationVector":"gjw70C19YG5OsX1Y8kkdso","action":"Commit Request", "result":"", "context":Item count: 1
Contributing types: Sessions}
{"logTime": "1105/140357", "correlationVector":"gjw70C19YG5OsX1Y8kkdso.1","action":"SyncServerConnectionManagerRequest", "result":"SYNC_SERVER_OK", "context":{"environment":"Prod_WestEurope_000l", "migrationStage":"NotStarted", "server":"GENERAL01000005"}}
{"logTime": "1105/140357", "correlationVector":"gjw70C19YG5OsX1Y8kkdso.2","action":"Commit Response", "result":"Success", "context":Result: Success. cV=gjw70C19YG5OsX1Y8kkdso.0;server=GENERAL01000005;cloudType=Consumer;environment=Prod_WestEurope_000l;migrationStage=NotStarted}
{"logTime": "1105/140743", "correlationVector":"UkN3Ivd0qr02ekuFgJdIkv.1","action":"SyncServerConnectionManagerRequest", "result":"SYNC_SERVER_OK", "context":{"environment":"Prod_NorthEurope_000h", "migrationStage":"NotStarted", "server":"GENERAL01000001"}}
{"logTime": "1105/140743", "correlationVector":"pQ7xmzJj3xmGHORm5T3wZx","action":"SyncServerConnectionManagerRequest", "result":"SYNC_SERVER_OK", "context":{"environment":"", "migrationStage":"", "server":""}}
{"logTime": "1105/140743", "correlationVector":"UkN3Ivd0qr02ekuFgJdIkv","action":"Initial GetUpdates", "result":"", "context":Reason: NEW_CLIENT. cV=UkN3Ivd0qr02ekuFgJdIkv}
{"logTime": "1105/140743", "correlationVector":"UkN3Ivd0qr02ekuFgJdIkv.2","action":"GetUpdates Response", "result":"Success", "context":Received 1 update(s). cV=UkN3Ivd0qr02ekuFgJdIkv.0;server=GENERAL01000001;cloudType=Consumer;environment=Prod_NorthEurope_000h;migrationStage=NotStarted}
{"logTime": "1105/140743", "correlationVector":"H/K27sq8LvqGo5Sq+xcuMO","action":"Initial GetUpdates", "result":"", "context":Reason: NEWLY_SUPPORTED_DATATYPE. cV=H/K27sq8LvqGo5Sq+xcuMO}
{"logTime": "1105/140744", "correlationVector":"H/K27sq8LvqGo5Sq+xcuMO.1","action":"SyncServerConnectionManagerRequest", "result":"SYNC_SERVER_OK", "context":{"environment":"Prod_WestEurope_x00e", "migrationStage":"NotStarted", "server":"GENERAL02000011"}}
{"logTime": "1105/140744", "correlationVector":"H/K27sq8LvqGo5Sq+xcuMO.2","action":"GetUpdates Response", "result":"Success", "context":Received 12 update(s). cV=H/K27sq8LvqGo5Sq+xcuMO.0;server=GENERAL02000011;cloudType=Consumer;environment=Prod_WestEurope_x00e;migrationStage=NotStarted}
{"logTime": "1105/140744", "correlationVector":"uWy0uk/9aEXn6pKWlHVdF4","action":"Normal GetUpdate request", "result":"", "context":cV=uWy0uk/9aEXn6pKWlHVdF4
Nudged types: Sessions
Refresh requested types: Bookmarks, Preferences, Passwords, Autofill Profiles, Autofill, Typed URLs, Extensions, Sessions, Extension settings, History Delete Directives, Device Info, User Consents, Send Tab To Self, Web Apps, Collection, Edge E Drop, Edge Hub App Usage, Edge Tab Group, Edge Wallet, Encryption Keys}
{"logTime": "1105/140744", "correlationVector":"uWy0uk/9aEXn6pKWlHVdF4.1","action":"SyncServerConnectionManagerRequest", "result":"SYNC_SERVER_OK", "context":{"environment":"Prod_WestEurope_x00e", "migrationStage":"NotStarted", "server":"GENERAL02000015"}}
{"logTime": "1105/140744", "correlationVector":"uWy0uk/9aEXn6pKWlHVdF4.2","action":"GetUpdates", "result":"DeleteReceived", "context":{"id":"bf6b5b7c-c225-4d3f-bf0f-dc94e8c4bccc", "isDeleted:":"true", "version":"1730815610588"}}
{"logTime": "1105/140744", "correlationVector":"uWy0uk/9aEXn6pKWlHVdF4.3","action":"GetUpdates Response", "result":"Success", "context":Received 2 update(s). cV=uWy0uk/9aEXn6pKWlHVdF4.0;server=GENERAL02000015;cloudType=Consumer;environment=Prod_WestEurope_x00e;migrationStage=NotStarted}
{"logTime": "1105/140744", "correlationVector":"7EJOh0JvvEJ1Nfvn8xCfDR","action":"Commit Request", "result":"", "context":Item count: 3
Contributing types: Sessions}
{"logTime": "1105/140745", "correlationVector":"7EJOh0JvvEJ1Nfvn8xCfDR.1","action":"SyncServerConnectionManagerRequest", "result":"SYNC_SERVER_OK", "context":{"environment":"Prod_NorthEurope_000h", "migrationStage":"NotStarted", "server":"GENERAL0100001K"}}
{"logTime": "1105/140745", "correlationVector":"7EJOh0JvvEJ1Nfvn8xCfDR.3","action":"Commit.Sessions", "result":"Success", "context":{"id":"c02e008a-5216-49c2-9a73-c8c82aae0511", "isDeleted":"true", "size":"0", "version":"1730815610587"}}
{"logTime": "1105/140745", "correlationVector":"7EJOh0JvvEJ1Nfvn8xCfDR.2","action":"Commit Response", "result":"Success", "context":Result: Success. cV=7EJOh0JvvEJ1Nfvn8xCfDR.0;server=GENERAL0100001K;cloudType=Consumer;environment=Prod_NorthEurope_000h;migrationStage=NotStarted}
{"logTime": "1105/140815", "correlationVector":"ylhev63EXF3yj2uCUyLPXL","action":"Normal GetUpdate request", "result":"", "context":cV=ylhev63EXF3yj2uCUyLPXL
Nudged types: Sessions}
{"logTime": "1105/140815", "correlationVector":"ylhev63EXF3yj2uCUyLPXL.1","action":"SyncServerConnectionManagerRequest", "result":"SYNC_SERVER_OK", "context":{"environment":"Prod_NorthEurope_000h", "migrationStage":"NotStarted", "server":"GENERAL0100001Q"}}
{"logTime": "1105/140815", "correlationVector":"ylhev63EXF3yj2uCUyLPXL.2","action":"GetUpdates", "result":"DeleteReceived", "context":{"id":"c02e008a-5216-49c2-9a73-c8c82aae0511", "isDeleted:":"true", "version":"1730815664966"}}
{"logTime": "1105/140815", "correlationVector":"ylhev63EXF3yj2uCUyLPXL.3","action":"GetUpdates Response", "result":"Success", "context":Received 3 update(s). cV=ylhev63EXF3yj2uCUyLPXL.0;server=GENERAL0100001Q;cloudType=Consumer;environment=Prod_NorthEurope_000h;migrationStage=NotStarted}
{"logTime": "1105/140815", "correlationVector":"+VbQl8hTz3ypvoUDMd+KHG","action":"Commit Request", "result":"", "context":Item count: 1
Contributing types: Sessions}
{"logTime": "1105/140815", "correlationVector":"+VbQl8hTz3ypvoUDMd+KHG.1","action":"SyncServerConnectionManagerRequest", "result":"SYNC_SERVER_OK", "context":{"environment":"Prod_NorthEurope_000h", "migrationStage":"NotStarted", "server":"GENERAL0100002E"}}
{"logTime": "1105/140815", "correlationVector":"+VbQl8hTz3ypvoUDMd+KHG.2","action":"Commit Response", "result":"Success", "context":Result: Success. cV=+VbQl8hTz3ypvoUDMd+KHG.0;server=GENERAL0100002E;cloudType=Consumer;environment=Prod_NorthEurope_000h;migrationStage=NotStarted}
{"logTime": "1105/140845", "correlationVector":"Tlx6WzC+aYa48drYmbcevC","action":"Commit Request", "result":"", "context":Item count: 1
Contributing types: Sessions}
{"logTime": "1105/140845", "correlationVector":"Tlx6WzC+aYa48drYmbcevC.1","action":"SyncServerConnectionManagerRequest", "result":"SYNC_SERVER_OK", "context":{"environment":"Prod_WestEurope_000l", "migrationStage":"NotStarted", "server":"general0100000H"}}
{"logTime": "1105/140845", "correlationVector":"Tlx6WzC+aYa48drYmbcevC.2","action":"Commit Response", "result":"Success", "context":Result: Success. cV=Tlx6WzC+aYa48drYmbcevC.0;server=general0100000H;cloudType=Consumer;environment=Prod_WestEurope_000l;migrationStage=NotStarted}
{"logTime": "1107/140713", "correlationVector":"GuG2a6ob2oGOoCBOaqJM1D.1","action":"SyncServerConnectionManagerRequest", "result":"SYNC_SERVER_OK", "context":{"environment":"Prod_WestEurope_000l", "migrationStage":"NotStarted", "server":"GENERAL0100000V"}}
{"logTime": "1107/140713", "correlationVector":"5tqDLZADKj1QLJ2OgBrd3c","action":"SyncServerConnectionManagerRequest", "result":"SYNC_SERVER_OK", "context":{"environment":"", "migrationStage":"", "server":""}}
{"logTime": "1107/140713", "correlationVector":"GuG2a6ob2oGOoCBOaqJM1D","action":"Initial GetUpdates", "result":"", "context":Reason: NEW_CLIENT. cV=GuG2a6ob2oGOoCBOaqJM1D}
{"logTime": "1107/140713", "correlationVector":"GuG2a6ob2oGOoCBOaqJM1D.2","action":"GetUpdates Response", "result":"Success", "context":Received 1 update(s). cV=GuG2a6ob2oGOoCBOaqJM1D.0;server=GENERAL0100000V;cloudType=Consumer;environment=Prod_WestEurope_000l;migrationStage=NotStarted}
{"logTime": "1107/140713", "correlationVector":"hnKtR4bFiVQI4Qoocl0+G+","action":"Initial GetUpdates", "result":"", "context":Reason: NEWLY_SUPPORTED_DATATYPE. cV=hnKtR4bFiVQI4Qoocl0+G+}
{"logTime": "1107/140714", "correlationVector":"hnKtR4bFiVQI4Qoocl0+G+.1","action":"SyncServerConnectionManagerRequest", "result":"SYNC_SERVER_OK", "context":{"environment":"Prod_NorthEurope_000h", "migrationStage":"NotStarted", "server":"GENERAL0100000Q"}}
{"logTime": "1107/140714", "correlationVector":"hnKtR4bFiVQI4Qoocl0+G+.2","action":"GetUpdates Response", "result":"Success", "context":Received 12 update(s). cV=hnKtR4bFiVQI4Qoocl0+G+.0;server=GENERAL0100000Q;cloudType=Consumer;environment=Prod_NorthEurope_000h;migrationStage=NotStarted}
{"logTime": "1107/140714", "correlationVector":"LVy5uHXP1gGhCtqLhOoJ8N","action":"Normal GetUpdate request", "result":"", "context":cV=LVy5uHXP1gGhCtqLhOoJ8N
Nudged types: Sessions, Device Info
Refresh requested types: Bookmarks, Preferences, Passwords, Autofill Profiles, Autofill, Typed URLs, Extensions, Sessions, Extension settings, History Delete Directives, Device Info, User Consents, Send Tab To Self, Web Apps, Collection, Edge E Drop, Edge Hub App Usage, Edge Tab Group, Edge Wallet, Encryption Keys}
{"logTime": "1107/140714", "correlationVector":"LVy5uHXP1gGhCtqLhOoJ8N.1","action":"SyncServerConnectionManagerRequest", "result":"SYNC_SERVER_OK", "context":{"environment":"Prod_WestEurope_x00e", "migrationStage":"NotStarted", "server":"GENERAL0100001D"}}
{"logTime": "1107/140714", "correlationVector":"LVy5uHXP1gGhCtqLhOoJ8N.2","action":"GetUpdates Response", "result":"Success", "context":Received 2 update(s). cV=LVy5uHXP1gGhCtqLhOoJ8N.0;server=GENERAL0100001D;cloudType=Consumer;environment=Prod_WestEurope_x00e;migrationStage=NotStarted}
{"logTime": "1107/140714", "correlationVector":"wRHVvUzZOjVNceaMz3Xplc","action":"Commit Request", "result":"", "context":Item count: 4
Contributing types: Sessions, Device Info}
{"logTime": "1107/140715", "correlationVector":"wRHVvUzZOjVNceaMz3Xplc.1","action":"SyncServerConnectionManagerRequest", "result":"SYNC_SERVER_OK", "context":{"environment":"Prod_WestEurope_x00e", "migrationStage":"NotStarted", "server":"GENERAL0100000Z"}}
{"logTime": "1107/140715", "correlationVector":"wRHVvUzZOjVNceaMz3Xplc.3","action":"Commit.Sessions", "result":"Success", "context":{"id":"cfbda9c8-7ea4-4018-9923-812516e5038b", "isDeleted":"true", "size":"0", "version":"1730816037909"}}
{"logTime": "1107/140715", "correlationVector":"wRHVvUzZOjVNceaMz3Xplc.2","action":"Commit Response", "result":"Success", "context":Result: Success. cV=wRHVvUzZOjVNceaMz3Xplc.0;server=GENERAL0100000Z;cloudType=Consumer;environment=Prod_WestEurope_x00e;migrationStage=NotStarted}
{"logTime": "1107/140715", "correlationVector":"eEN6mBSIUE2r4VJfWKTLpJ","action":"Normal GetUpdate request", "result":"", "context":cV=eEN6mBSIUE2r4VJfWKTLpJ
Nudged types: Sessions, Device Info}
{"logTime": "1107/140715", "correlationVector":"eEN6mBSIUE2r4VJfWKTLpJ.1","action":"SyncServerConnectionManagerRequest", "result":"SYNC_SERVER_OK", "context":{"environment":"Prod_NorthEurope_000h", "migrationStage":"NotStarted", "server":"GENERAL0100001X"}}
{"logTime": "1107/140715", "correlationVector":"eEN6mBSIUE2r4VJfWKTLpJ.2","action":"GetUpdates", "result":"DeleteReceived", "context":{"id":"cfbda9c8-7ea4-4018-9923-812516e5038b", "isDeleted:":"true", "version":"1730988435114"}}
{"logTime": "1107/140715", "correlationVector":"eEN6mBSIUE2r4VJfWKTLpJ.3","action":"GetUpdates Response", "result":"Success", "context":Received 4 update(s). cV=eEN6mBSIUE2r4VJfWKTLpJ.0;server=GENERAL0100001X;cloudType=Consumer;environment=Prod_NorthEurope_000h;migrationStage=NotStarted}
{"logTime": "1107/140715", "correlationVector":"6RGkoxsMfltPLTypsslYcM","action":"Poll GetUpdate request", "result":"", "context":cV=6RGkoxsMfltPLTypsslYcM}
{"logTime": "1107/140716", "correlationVector":"6RGkoxsMfltPLTypsslYcM.1","action":"SyncServerConnectionManagerRequest", "result":"SYNC_SERVER_OK", "context":{"environment":"Prod_WestEurope_000l", "migrationStage":"NotStarted", "server":"GENERAL01000004"}}
{"logTime": "1107/140716", "correlationVector":"6RGkoxsMfltPLTypsslYcM.2","action":"GetUpdates Response", "result":"Success", "context":Received 0 update(s). cV=6RGkoxsMfltPLTypsslYcM.0;server=GENERAL01000004;cloudType=Consumer;environment=Prod_WestEurope_000l;migrationStage=NotStarted}
{"logTime": "1107/140746", "correlationVector":"3/IcOfm8D/P+KXq4TWKS2m","action":"Commit Request", "result":"", "context":Item count: 1
Contributing types: Sessions}
{"logTime": "1107/140747", "correlationVector":"3/IcOfm8D/P+KXq4TWKS2m.1","action":"SyncServerConnectionManagerRequest", "result":"SYNC_SERVER_OK", "context":{"environment":"Prod_WestEurope_x00e", "migrationStage":"NotStarted", "server":"GENERAL0100001D"}}
{"logTime": "1107/140747", "correlationVector":"3/IcOfm8D/P+KXq4TWKS2m.2","action":"Commit Response", "result":"Success", "context":Result: Success. cV=3/IcOfm8D/P+KXq4TWKS2m.0;server=GENERAL0100001D;cloudType=Consumer;environment=Prod_WestEurope_x00e;migrationStage=NotStarted}
{"logTime": "1107/140854", "correlationVector":"N4ds0veHB9Fuar0JnOWYzM","action":"Commit Request", "result":"", "context":Item count: 1
Contributing types: Sessions}
{"logTime": "1107/140854", "correlationVector":"N4ds0veHB9Fuar0JnOWYzM.1","action":"SyncServerConnectionManagerRequest", "result":"SYNC_SERVER_OK", "context":{"environment":"Prod_WestEurope_x00e", "migrationStage":"NotStarted", "server":"GENERAL0100000R"}}
{"logTime": "1107/140854", "correlationVector":"N4ds0veHB9Fuar0JnOWYzM.2","action":"Commit Response", "result":"Success", "context":Result: Success. cV=N4ds0veHB9Fuar0JnOWYzM.0;server=GENERAL0100000R;cloudType=Consumer;environment=Prod_WestEurope_x00e;migrationStage=NotStarted}
